  [1m[35m (181.8ms)[0m  [1m[35mCREATE TABLE "schema_migrations" ("version" character varying NOT NULL PRIMARY KEY)[0m
  [1m[35m (75.1ms)[0m  [1m[35mCREATE TABLE "ar_internal_metadata" ("key" character varying NOT NULL PRIMARY KEY, "value" character varying, "created_at" timestamp NOT NULL, "updated_at" timestamp NOT NULL)[0m
  [1m[35m (0.3ms)[0m  [1m[34mSELECT pg_try_advisory_lock(5389386986820578175)[0m
  [1m[35m (0.3ms)[0m  [1m[34mSELECT "schema_migrations"."version" FROM "schema_migrations" ORDER BY "schema_migrations"."version" ASC[0m
Migrating to CreateProposals (20180407231306)
  [1m[35m (0.1ms)[0m  [1m[35mBEGIN[0m
  [1m[35m (0.1ms)[0m  [1m[31mROLLBACK[0m
  [1m[35m (0.2ms)[0m  [1m[34mSELECT pg_advisory_unlock(5389386986820578175)[0m
  [1m[35m (0.2ms)[0m  [1m[34mSELECT pg_try_advisory_lock(5389386986820578175)[0m
  [1m[35m (0.5ms)[0m  [1m[34mSELECT "schema_migrations"."version" FROM "schema_migrations" ORDER BY "schema_migrations"."version" ASC[0m
Migrating to CreateProposals (20180407231306)
  [1m[35m (0.1ms)[0m  [1m[35mBEGIN[0m
  [1m[35m (101.4ms)[0m  [1m[35mCREATE TABLE "proposals" ("id" bigserial primary key, "customer" character varying, "portfolio_url" character varying, "tools" character varying, "estimated_hours" decimal, "hourly_rate" decimal, "weeks_to_complete" integer, "client_email" character varying, "created_at" timestamp NOT NULL, "updated_at" timestamp NOT NULL)[0m
  [1m[35mSQL (0.3ms)[0m  [1m[32mINSERT INTO "schema_migrations" ("version") VALUES ($1) RETURNING "version"[0m  [["version", "20180407231306"]]
  [1m[35m (91.6ms)[0m  [1m[35mCOMMIT[0m
  [1m[36mActiveRecord::InternalMetadata Load (0.2ms)[0m  [1m[34mSELECT  "ar_internal_metadata".* FROM "ar_internal_metadata" WHERE "ar_internal_metadata"."key" = $1 LIMIT $2[0m  [["key", "environment"], ["LIMIT", 1]]
  [1m[35m (0.1ms)[0m  [1m[35mBEGIN[0m
  [1m[35mSQL (0.4ms)[0m  [1m[32mINSERT INTO "ar_internal_metadata" ("key", "value", "created_at", "updated_at") VALUES ($1, $2, $3, $4) RETURNING "key"[0m  [["key", "environment"], ["value", "development"], ["created_at", "2018-04-07 23:14:24.996037"], ["updated_at", "2018-04-07 23:14:24.996037"]]
  [1m[35m (2.9ms)[0m  [1m[35mCOMMIT[0m
  [1m[35m (0.2ms)[0m  [1m[34mSELECT pg_advisory_unlock(5389386986820578175)[0m
  [1m[35m (0.2ms)[0m  [1m[34mSELECT "schema_migrations"."version" FROM "schema_migrations" ORDER BY "schema_migrations"."version" ASC[0m
  [1m[35m (0.4ms)[0m  [1m[34mSELECT "schema_migrations"."version" FROM "schema_migrations" ORDER BY "schema_migrations"."version" ASC[0m
  [1m[35m (0.3ms)[0m  [1m[34mSELECT "ar_internal_metadata"."value" FROM "ar_internal_metadata" WHERE "ar_internal_metadata"."key" = $1[0m  [["key", "environment"]]
  [1m[35m (0.2ms)[0m  [1m[34mSELECT "schema_migrations"."version" FROM "schema_migrations" ORDER BY "schema_migrations"."version" ASC[0m
  [1m[35m (0.1ms)[0m  [1m[34mSELECT "ar_internal_metadata"."value" FROM "ar_internal_metadata" WHERE "ar_internal_metadata"."key" = $1[0m  [["key", "environment"]]
  [1m[35m (0.2ms)[0m  [1m[34mSELECT "schema_migrations"."version" FROM "schema_migrations" ORDER BY "schema_migrations"."version" ASC[0m
  [1m[35m (0.2ms)[0m  [1m[34mSELECT "ar_internal_metadata"."value" FROM "ar_internal_metadata" WHERE "ar_internal_metadata"."key" = $1[0m  [["key", "environment"]]
  [1m[35mSQL (0.2ms)[0m  [1m[35mCREATE EXTENSION IF NOT EXISTS "plpgsql"[0m
  [1m[35m (11.9ms)[0m  [1m[35mDROP TABLE IF EXISTS "proposals" CASCADE[0m
  [1m[35m (88.3ms)[0m  [1m[35mCREATE TABLE "proposals" ("id" bigserial primary key, "customer" character varying, "portfolio_url" character varying, "tools" character varying, "estimated_hours" decimal, "hourly_rate" decimal, "weeks_to_complete" integer, "client_email" character varying, "created_at" timestamp NOT NULL, "updated_at" timestamp NOT NULL)[0m
  [1m[35m (0.4ms)[0m  [1m[34mSELECT "schema_migrations"."version" FROM "schema_migrations" ORDER BY "schema_migrations"."version" ASC[0m
  [1m[36mActiveRecord::InternalMetadata Load (0.2ms)[0m  [1m[34mSELECT  "ar_internal_metadata".* FROM "ar_internal_metadata" WHERE "ar_internal_metadata"."key" = $1 LIMIT $2[0m  [["key", "environment"], ["LIMIT", 1]]
  [1m[35m (0.1ms)[0m  [1m[35mBEGIN[0m
  [1m[35m (0.1ms)[0m  [1m[35mCOMMIT[0m
  [1m[36mActiveRecord::InternalMetadata Load (0.1ms)[0m  [1m[34mSELECT  "ar_internal_metadata".* FROM "ar_internal_metadata" WHERE "ar_internal_metadata"."key" = $1 LIMIT $2[0m  [["key", "environment"], ["LIMIT", 1]]
  [1m[35m (0.1ms)[0m  [1m[35mBEGIN[0m
  [1m[35m (0.1ms)[0m  [1m[35mCOMMIT[0m
  [1m[35mSQL (0.2ms)[0m  [1m[35mCREATE EXTENSION IF NOT EXISTS "plpgsql"[0m
  [1m[35m (0.1ms)[0m  [1m[35mDROP TABLE IF EXISTS "proposals" CASCADE[0m
  [1m[35m (89.9ms)[0m  [1m[35mCREATE TABLE "proposals" ("id" bigserial primary key, "customer" character varying, "portfolio_url" character varying, "tools" character varying, "estimated_hours" decimal, "hourly_rate" decimal, "weeks_to_complete" integer, "client_email" character varying, "created_at" timestamp NOT NULL, "updated_at" timestamp NOT NULL)[0m
  [1m[35m (88.1ms)[0m  [1m[35mCREATE TABLE "schema_migrations" ("version" character varying NOT NULL PRIMARY KEY)[0m
  [1m[35m (0.6ms)[0m  [1m[34mSELECT "schema_migrations"."version" FROM "schema_migrations" ORDER BY "schema_migrations"."version" ASC[0m
  [1m[35m (9.7ms)[0m  [1m[32mINSERT INTO "schema_migrations" (version) VALUES (20180407231306)[0m
  [1m[35m (77.2ms)[0m  [1m[35mCREATE TABLE "ar_internal_metadata" ("key" character varying NOT NULL PRIMARY KEY, "value" character varying, "created_at" timestamp NOT NULL, "updated_at" timestamp NOT NULL)[0m
  [1m[36mActiveRecord::InternalMetadata Load (0.4ms)[0m  [1m[34mSELECT  "ar_internal_metadata".* FROM "ar_internal_metadata" WHERE "ar_internal_metadata"."key" = $1 LIMIT $2[0m  [["key", "environment"], ["LIMIT", 1]]
  [1m[35m (0.3ms)[0m  [1m[35mBEGIN[0m
  [1m[35mSQL (0.7ms)[0m  [1m[32mINSERT INTO "ar_internal_metadata" ("key", "value", "created_at", "updated_at") VALUES ($1, $2, $3, $4) RETURNING "key"[0m  [["key", "environment"], ["value", "development"], ["created_at", "2018-04-07 23:16:35.350655"], ["updated_at", "2018-04-07 23:16:35.350655"]]
  [1m[35m (3.9ms)[0m  [1m[35mCOMMIT[0m
  [1m[36mActiveRecord::InternalMetadata Load (0.2ms)[0m  [1m[34mSELECT  "ar_internal_metadata".* FROM "ar_internal_metadata" WHERE "ar_internal_metadata"."key" = $1 LIMIT $2[0m  [["key", "environment"], ["LIMIT", 1]]
  [1m[35m (0.1ms)[0m  [1m[35mBEGIN[0m
  [1m[35mSQL (0.3ms)[0m  [1m[33mUPDATE "ar_internal_metadata" SET "value" = $1, "updated_at" = $2 WHERE "ar_internal_metadata"."key" = $3[0m  [["value", "test"], ["updated_at", "2018-04-07 23:16:35.359011"], ["key", "environment"]]
  [1m[35m (8.0ms)[0m  [1m[35mCOMMIT[0m
  [1m[35m (0.8ms)[0m  [1m[34mSELECT "schema_migrations"."version" FROM "schema_migrations" ORDER BY "schema_migrations"."version" ASC[0m
  [1m[35m (0.2ms)[0m  [1m[35mBEGIN[0m
  [1m[35mSQL (0.5ms)[0m  [1m[32mINSERT INTO "proposals" ("customer", "portfolio_url", "tools", "estimated_hours", "hourly_rate", "weeks_to_complete", "client_email", "created_at", "updated_at") VALUES ($1, $2, $3, $4, $5, $6, $7, $8, $9) RETURNING "id"[0m  [["customer", "Customer 0"], ["portfolio_url", "http://portfolio.jordanhudgens.com"], ["tools", "Ruby on Rails, Angular 2, and Postgres"], ["estimated_hours", "46.0"], ["hourly_rate", "142.0"], ["weeks_to_complete", 14], ["client_email", "tharman@familyguardfiltering.com"], ["created_at", "2018-04-07 23:16:35.399817"], ["updated_at", "2018-04-07 23:16:35.399817"]]
  [1m[35m (10.9ms)[0m  [1m[35mCOMMIT[0m
  [1m[35m (0.1ms)[0m  [1m[35mBEGIN[0m
  [1m[35mSQL (0.3ms)[0m  [1m[32mINSERT INTO "proposals" ("customer", "portfolio_url", "tools", "estimated_hours", "hourly_rate", "weeks_to_complete", "client_email", "created_at", "updated_at") VALUES ($1, $2, $3, $4, $5, $6, $7, $8, $9) RETURNING "id"[0m  [["customer", "Customer 1"], ["portfolio_url", "http://portfolio.jordanhudgens.com"], ["tools", "Ruby on Rails, Angular 2, and Postgres"], ["estimated_hours", "63.0"], ["hourly_rate", "112.0"], ["weeks_to_complete", 16], ["client_email", "tharman@familyguardfiltering.com"], ["created_at", "2018-04-07 23:16:35.413429"], ["updated_at", "2018-04-07 23:16:35.413429"]]
  [1m[35m (9.0ms)[0m  [1m[35mCOMMIT[0m
  [1m[35m (0.1ms)[0m  [1m[35mBEGIN[0m
  [1m[35mSQL (0.3ms)[0m  [1m[32mINSERT INTO "proposals" ("customer", "portfolio_url", "tools", "estimated_hours", "hourly_rate", "weeks_to_complete", "client_email", "created_at", "updated_at") VALUES ($1, $2, $3, $4, $5, $6, $7, $8, $9) RETURNING "id"[0m  [["customer", "Customer 2"], ["portfolio_url", "http://portfolio.jordanhudgens.com"], ["tools", "Ruby on Rails, Angular 2, and Postgres"], ["estimated_hours", "21.0"], ["hourly_rate", "115.0"], ["weeks_to_complete", 9], ["client_email", "tharman@familyguardfiltering.com"], ["created_at", "2018-04-07 23:16:35.424472"], ["updated_at", "2018-04-07 23:16:35.424472"]]
  [1m[35m (9.2ms)[0m  [1m[35mCOMMIT[0m
  [1m[35m (0.1ms)[0m  [1m[35mBEGIN[0m
  [1m[35mSQL (0.4ms)[0m  [1m[32mINSERT INTO "proposals" ("customer", "portfolio_url", "tools", "estimated_hours", "hourly_rate", "weeks_to_complete", "client_email", "created_at", "updated_at") VALUES ($1, $2, $3, $4, $5, $6, $7, $8, $9) RETURNING "id"[0m  [["customer", "Customer 3"], ["portfolio_url", "http://portfolio.jordanhudgens.com"], ["tools", "Ruby on Rails, Angular 2, and Postgres"], ["estimated_hours", "47.0"], ["hourly_rate", "118.0"], ["weeks_to_complete", 4], ["client_email", "tharman@familyguardfiltering.com"], ["created_at", "2018-04-07 23:16:35.435602"], ["updated_at", "2018-04-07 23:16:35.435602"]]
  [1m[35m (9.1ms)[0m  [1m[35mCOMMIT[0m
  [1m[35m (0.1ms)[0m  [1m[35mBEGIN[0m
  [1m[35mSQL (0.5ms)[0m  [1m[32mINSERT INTO "proposals" ("customer", "portfolio_url", "tools", "estimated_hours", "hourly_rate", "weeks_to_complete", "client_email", "created_at", "updated_at") VALUES ($1, $2, $3, $4, $5, $6, $7, $8, $9) RETURNING "id"[0m  [["customer", "Customer 4"], ["portfolio_url", "http://portfolio.jordanhudgens.com"], ["tools", "Ruby on Rails, Angular 2, and Postgres"], ["estimated_hours", "65.0"], ["hourly_rate", "117.0"], ["weeks_to_complete", 14], ["client_email", "tharman@familyguardfiltering.com"], ["created_at", "2018-04-07 23:16:35.446769"], ["updated_at", "2018-04-07 23:16:35.446769"]]
  [1m[35m (8.8ms)[0m  [1m[35mCOMMIT[0m
  [1m[35m (0.1ms)[0m  [1m[35mBEGIN[0m
  [1m[35mSQL (0.3ms)[0m  [1m[32mINSERT INTO "proposals" ("customer", "portfolio_url", "tools", "estimated_hours", "hourly_rate", "weeks_to_complete", "client_email", "created_at", "updated_at") VALUES ($1, $2, $3, $4, $5, $6, $7, $8, $9) RETURNING "id"[0m  [["customer", "Customer 5"], ["portfolio_url", "http://portfolio.jordanhudgens.com"], ["tools", "Ruby on Rails, Angular 2, and Postgres"], ["estimated_hours", "77.0"], ["hourly_rate", "104.0"], ["weeks_to_complete", 6], ["client_email", "tharman@familyguardfiltering.com"], ["created_at", "2018-04-07 23:16:35.457856"], ["updated_at", "2018-04-07 23:16:35.457856"]]
  [1m[35m (9.1ms)[0m  [1m[35mCOMMIT[0m
  [1m[35m (0.1ms)[0m  [1m[35mBEGIN[0m
  [1m[35mSQL (0.3ms)[0m  [1m[32mINSERT INTO "proposals" ("customer", "portfolio_url", "tools", "estimated_hours", "hourly_rate", "weeks_to_complete", "client_email", "created_at", "updated_at") VALUES ($1, $2, $3, $4, $5, $6, $7, $8, $9) RETURNING "id"[0m  [["customer", "Customer 6"], ["portfolio_url", "http://portfolio.jordanhudgens.com"], ["tools", "Ruby on Rails, Angular 2, and Postgres"], ["estimated_hours", "32.0"], ["hourly_rate", "136.0"], ["weeks_to_complete", 15], ["client_email", "tharman@familyguardfiltering.com"], ["created_at", "2018-04-07 23:16:35.468713"], ["updated_at", "2018-04-07 23:16:35.468713"]]
  [1m[35m (9.7ms)[0m  [1m[35mCOMMIT[0m
  [1m[35m (0.1ms)[0m  [1m[35mBEGIN[0m
  [1m[35mSQL (0.3ms)[0m  [1m[32mINSERT INTO "proposals" ("customer", "portfolio_url", "tools", "estimated_hours", "hourly_rate", "weeks_to_complete", "client_email", "created_at", "updated_at") VALUES ($1, $2, $3, $4, $5, $6, $7, $8, $9) RETURNING "id"[0m  [["customer", "Customer 7"], ["portfolio_url", "http://portfolio.jordanhudgens.com"], ["tools", "Ruby on Rails, Angular 2, and Postgres"], ["estimated_hours", "9.0"], ["hourly_rate", "143.0"], ["weeks_to_complete", 19], ["client_email", "tharman@familyguardfiltering.com"], ["created_at", "2018-04-07 23:16:35.479973"], ["updated_at", "2018-04-07 23:16:35.479973"]]
  [1m[35m (9.5ms)[0m  [1m[35mCOMMIT[0m
  [1m[35m (0.2ms)[0m  [1m[35mBEGIN[0m
  [1m[35mSQL (0.3ms)[0m  [1m[32mINSERT INTO "proposals" ("customer", "portfolio_url", "tools", "estimated_hours", "hourly_rate", "weeks_to_complete", "client_email", "created_at", "updated_at") VALUES ($1, $2, $3, $4, $5, $6, $7, $8, $9) RETURNING "id"[0m  [["customer", "Customer 8"], ["portfolio_url", "http://portfolio.jordanhudgens.com"], ["tools", "Ruby on Rails, Angular 2, and Postgres"], ["estimated_hours", "79.0"], ["hourly_rate", "104.0"], ["weeks_to_complete", 5], ["client_email", "tharman@familyguardfiltering.com"], ["created_at", "2018-04-07 23:16:35.491589"], ["updated_at", "2018-04-07 23:16:35.491589"]]
  [1m[35m (8.6ms)[0m  [1m[35mCOMMIT[0m
  [1m[35m (0.1ms)[0m  [1m[35mBEGIN[0m
  [1m[35mSQL (0.4ms)[0m  [1m[32mINSERT INTO "proposals" ("customer", "portfolio_url", "tools", "estimated_hours", "hourly_rate", "weeks_to_complete", "client_email", "created_at", "updated_at") VALUES ($1, $2, $3, $4, $5, $6, $7, $8, $9) RETURNING "id"[0m  [["customer", "Customer 9"], ["portfolio_url", "http://portfolio.jordanhudgens.com"], ["tools", "Ruby on Rails, Angular 2, and Postgres"], ["estimated_hours", "88.0"], ["hourly_rate", "149.0"], ["weeks_to_complete", 4], ["client_email", "tharman@familyguardfiltering.com"], ["created_at", "2018-04-07 23:16:35.502381"], ["updated_at", "2018-04-07 23:16:35.502381"]]
  [1m[35m (9.0ms)[0m  [1m[35mCOMMIT[0m
  [1m[35m (0.4ms)[0m  [1m[34mSELECT "schema_migrations"."version" FROM "schema_migrations" ORDER BY "schema_migrations"."version" ASC[0m
  [1m[35m (0.3ms)[0m  [1m[34mSELECT "ar_internal_metadata"."value" FROM "ar_internal_metadata" WHERE "ar_internal_metadata"."key" = $1[0m  [["key", "environment"]]
  [1m[35m (0.3ms)[0m  [1m[34mSELECT "schema_migrations"."version" FROM "schema_migrations" ORDER BY "schema_migrations"."version" ASC[0m
  [1m[35m (0.1ms)[0m  [1m[34mSELECT "ar_internal_metadata"."value" FROM "ar_internal_metadata" WHERE "ar_internal_metadata"."key" = $1[0m  [["key", "environment"]]
  [1m[35m (0.2ms)[0m  [1m[34mSELECT "schema_migrations"."version" FROM "schema_migrations" ORDER BY "schema_migrations"."version" ASC[0m
  [1m[35m (0.1ms)[0m  [1m[34mSELECT "ar_internal_metadata"."value" FROM "ar_internal_metadata" WHERE "ar_internal_metadata"."key" = $1[0m  [["key", "environment"]]
  [1m[35mSQL (0.1ms)[0m  [1m[35mCREATE EXTENSION IF NOT EXISTS "plpgsql"[0m
  [1m[35m (11.6ms)[0m  [1m[35mDROP TABLE IF EXISTS "proposals" CASCADE[0m
  [1m[35m (77.3ms)[0m  [1m[35mCREATE TABLE "proposals" ("id" bigserial primary key, "customer" character varying, "portfolio_url" character varying, "tools" character varying, "estimated_hours" decimal, "hourly_rate" decimal, "weeks_to_complete" integer, "client_email" character varying, "created_at" timestamp NOT NULL, "updated_at" timestamp NOT NULL)[0m
  [1m[35m (0.4ms)[0m  [1m[34mSELECT "schema_migrations"."version" FROM "schema_migrations" ORDER BY "schema_migrations"."version" ASC[0m
  [1m[36mActiveRecord::InternalMetadata Load (0.2ms)[0m  [1m[34mSELECT  "ar_internal_metadata".* FROM "ar_internal_metadata" WHERE "ar_internal_metadata"."key" = $1 LIMIT $2[0m  [["key", "environment"], ["LIMIT", 1]]
  [1m[35m (0.2ms)[0m  [1m[35mBEGIN[0m
  [1m[35m (0.1ms)[0m  [1m[35mCOMMIT[0m
  [1m[36mActiveRecord::InternalMetadata Load (0.2ms)[0m  [1m[34mSELECT  "ar_internal_metadata".* FROM "ar_internal_metadata" WHERE "ar_internal_metadata"."key" = $1 LIMIT $2[0m  [["key", "environment"], ["LIMIT", 1]]
  [1m[35m (0.1ms)[0m  [1m[35mBEGIN[0m
  [1m[35m (0.1ms)[0m  [1m[35mCOMMIT[0m
  [1m[35mSQL (0.1ms)[0m  [1m[35mCREATE EXTENSION IF NOT EXISTS "plpgsql"[0m
  [1m[35m (13.0ms)[0m  [1m[35mDROP TABLE IF EXISTS "proposals" CASCADE[0m
  [1m[35m (77.4ms)[0m  [1m[35mCREATE TABLE "proposals" ("id" bigserial primary key, "customer" character varying, "portfolio_url" character varying, "tools" character varying, "estimated_hours" decimal, "hourly_rate" decimal, "weeks_to_complete" integer, "client_email" character varying, "created_at" timestamp NOT NULL, "updated_at" timestamp NOT NULL)[0m
  [1m[35m (0.7ms)[0m  [1m[34mSELECT "schema_migrations"."version" FROM "schema_migrations" ORDER BY "schema_migrations"."version" ASC[0m
  [1m[36mActiveRecord::InternalMetadata Load (0.3ms)[0m  [1m[34mSELECT  "ar_internal_metadata".* FROM "ar_internal_metadata" WHERE "ar_internal_metadata"."key" = $1 LIMIT $2[0m  [["key", "environment"], ["LIMIT", 1]]
  [1m[35m (0.1ms)[0m  [1m[35mBEGIN[0m
  [1m[35mSQL (0.2ms)[0m  [1m[33mUPDATE "ar_internal_metadata" SET "value" = $1, "updated_at" = $2 WHERE "ar_internal_metadata"."key" = $3[0m  [["value", "development"], ["updated_at", "2018-04-07 23:16:49.753435"], ["key", "environment"]]
  [1m[35m (15.9ms)[0m  [1m[35mCOMMIT[0m
  [1m[36mActiveRecord::InternalMetadata Load (0.2ms)[0m  [1m[34mSELECT  "ar_internal_metadata".* FROM "ar_internal_metadata" WHERE "ar_internal_metadata"."key" = $1 LIMIT $2[0m  [["key", "environment"], ["LIMIT", 1]]
  [1m[35m (0.1ms)[0m  [1m[35mBEGIN[0m
  [1m[35mSQL (0.2ms)[0m  [1m[33mUPDATE "ar_internal_metadata" SET "value" = $1, "updated_at" = $2 WHERE "ar_internal_metadata"."key" = $3[0m  [["value", "test"], ["updated_at", "2018-04-07 23:16:49.772252"], ["key", "environment"]]
  [1m[35m (8.5ms)[0m  [1m[35mCOMMIT[0m
  [1m[35m (0.5ms)[0m  [1m[34mSELECT "schema_migrations"."version" FROM "schema_migrations" ORDER BY "schema_migrations"."version" ASC[0m
  [1m[35m (0.2ms)[0m  [1m[35mBEGIN[0m
  [1m[35mSQL (0.5ms)[0m  [1m[32mINSERT INTO "proposals" ("customer", "portfolio_url", "tools", "estimated_hours", "hourly_rate", "weeks_to_complete", "client_email", "created_at", "updated_at") VALUES ($1, $2, $3, $4, $5, $6, $7, $8, $9) RETURNING "id"[0m  [["customer", "Customer 0"], ["portfolio_url", "http://portfolio.jordanhudgens.com"], ["tools", "Ruby on Rails, Angular 2, and Postgres"], ["estimated_hours", "53.0"], ["hourly_rate", "104.0"], ["weeks_to_complete", 4], ["client_email", "tharman@familyguardfiltering.com"], ["created_at", "2018-04-07 23:16:49.809497"], ["updated_at", "2018-04-07 23:16:49.809497"]]
  [1m[35m (3.6ms)[0m  [1m[35mCOMMIT[0m
  [1m[35m (0.1ms)[0m  [1m[35mBEGIN[0m
  [1m[35mSQL (0.3ms)[0m  [1m[32mINSERT INTO "proposals" ("customer", "portfolio_url", "tools", "estimated_hours", "hourly_rate", "weeks_to_complete", "client_email", "created_at", "updated_at") VALUES ($1, $2, $3, $4, $5, $6, $7, $8, $9) RETURNING "id"[0m  [["customer", "Customer 1"], ["portfolio_url", "http://portfolio.jordanhudgens.com"], ["tools", "Ruby on Rails, Angular 2, and Postgres"], ["estimated_hours", "78.0"], ["hourly_rate", "144.0"], ["weeks_to_complete", 15], ["client_email", "tharman@familyguardfiltering.com"], ["created_at", "2018-04-07 23:16:49.815476"], ["updated_at", "2018-04-07 23:16:49.815476"]]
  [1m[35m (9.4ms)[0m  [1m[35mCOMMIT[0m
  [1m[35m (0.1ms)[0m  [1m[35mBEGIN[0m
  [1m[35mSQL (0.4ms)[0m  [1m[32mINSERT INTO "proposals" ("customer", "portfolio_url", "tools", "estimated_hours", "hourly_rate", "weeks_to_complete", "client_email", "created_at", "updated_at") VALUES ($1, $2, $3, $4, $5, $6, $7, $8, $9) RETURNING "id"[0m  [["customer", "Customer 2"], ["portfolio_url", "http://portfolio.jordanhudgens.com"], ["tools", "Ruby on Rails, Angular 2, and Postgres"], ["estimated_hours", "77.0"], ["hourly_rate", "113.0"], ["weeks_to_complete", 10], ["client_email", "tharman@familyguardfiltering.com"], ["created_at", "2018-04-07 23:16:49.826886"], ["updated_at", "2018-04-07 23:16:49.826886"]]
  [1m[35m (8.9ms)[0m  [1m[35mCOMMIT[0m
  [1m[35m (0.2ms)[0m  [1m[35mBEGIN[0m
  [1m[35mSQL (0.4ms)[0m  [1m[32mINSERT INTO "proposals" ("customer", "portfolio_url", "tools", "estimated_hours", "hourly_rate", "weeks_to_complete", "client_email", "created_at", "updated_at") VALUES ($1, $2, $3, $4, $5, $6, $7, $8, $9) RETURNING "id"[0m  [["customer", "Customer 3"], ["portfolio_url", "http://portfolio.jordanhudgens.com"], ["tools", "Ruby on Rails, Angular 2, and Postgres"], ["estimated_hours", "36.0"], ["hourly_rate", "101.0"], ["weeks_to_complete", 6], ["client_email", "tharman@familyguardfiltering.com"], ["created_at", "2018-04-07 23:16:49.838124"], ["updated_at", "2018-04-07 23:16:49.838124"]]
  [1m[35m (8.4ms)[0m  [1m[35mCOMMIT[0m
  [1m[35m (0.2ms)[0m  [1m[35mBEGIN[0m
  [1m[35mSQL (0.4ms)[0m  [1m[32mINSERT INTO "proposals" ("customer", "portfolio_url", "tools", "estimated_hours", "hourly_rate", "weeks_to_complete", "client_email", "created_at", "updated_at") VALUES ($1, $2, $3, $4, $5, $6, $7, $8, $9) RETURNING "id"[0m  [["customer", "Customer 4"], ["portfolio_url", "http://portfolio.jordanhudgens.com"], ["tools", "Ruby on Rails, Angular 2, and Postgres"], ["estimated_hours", "51.0"], ["hourly_rate", "116.0"], ["weeks_to_complete", 1], ["client_email", "tharman@familyguardfiltering.com"], ["created_at", "2018-04-07 23:16:49.849239"], ["updated_at", "2018-04-07 23:16:49.849239"]]
  [1m[35m (8.5ms)[0m  [1m[35mCOMMIT[0m
  [1m[35m (0.1ms)[0m  [1m[35mBEGIN[0m
  [1m[35mSQL (0.3ms)[0m  [1m[32mINSERT INTO "proposals" ("customer", "portfolio_url", "tools", "estimated_hours", "hourly_rate", "weeks_to_complete", "client_email", "created_at", "updated_at") VALUES ($1, $2, $3, $4, $5, $6, $7, $8, $9) RETURNING "id"[0m  [["customer", "Customer 5"], ["portfolio_url", "http://portfolio.jordanhudgens.com"], ["tools", "Ruby on Rails, Angular 2, and Postgres"], ["estimated_hours", "41.0"], ["hourly_rate", "123.0"], ["weeks_to_complete", 15], ["client_email", "tharman@familyguardfiltering.com"], ["created_at", "2018-04-07 23:16:49.860119"], ["updated_at", "2018-04-07 23:16:49.860119"]]
  [1m[35m (9.2ms)[0m  [1m[35mCOMMIT[0m
  [1m[35m (0.1ms)[0m  [1m[35mBEGIN[0m
  [1m[35mSQL (0.2ms)[0m  [1m[32mINSERT INTO "proposals" ("customer", "portfolio_url", "tools", "estimated_hours", "hourly_rate", "weeks_to_complete", "client_email", "created_at", "updated_at") VALUES ($1, $2, $3, $4, $5, $6, $7, $8, $9) RETURNING "id"[0m  [["customer", "Customer 6"], ["portfolio_url", "http://portfolio.jordanhudgens.com"], ["tools", "Ruby on Rails, Angular 2, and Postgres"], ["estimated_hours", "20.0"], ["hourly_rate", "105.0"], ["weeks_to_complete", 8], ["client_email", "tharman@familyguardfiltering.com"], ["created_at", "2018-04-07 23:16:49.871015"], ["updated_at", "2018-04-07 23:16:49.871015"]]
  [1m[35m (9.6ms)[0m  [1m[35mCOMMIT[0m
  [1m[35m (0.1ms)[0m  [1m[35mBEGIN[0m
  [1m[35mSQL (0.2ms)[0m  [1m[32mINSERT INTO "proposals" ("customer", "portfolio_url", "tools", "estimated_hours", "hourly_rate", "weeks_to_complete", "client_email", "created_at", "updated_at") VALUES ($1, $2, $3, $4, $5, $6, $7, $8, $9) RETURNING "id"[0m  [["customer", "Customer 7"], ["portfolio_url", "http://portfolio.jordanhudgens.com"], ["tools", "Ruby on Rails, Angular 2, and Postgres"], ["estimated_hours", "39.0"], ["hourly_rate", "149.0"], ["weeks_to_complete", 18], ["client_email", "tharman@familyguardfiltering.com"], ["created_at", "2018-04-07 23:16:49.882148"], ["updated_at", "2018-04-07 23:16:49.882148"]]
  [1m[35m (9.7ms)[0m  [1m[35mCOMMIT[0m
  [1m[35m (0.1ms)[0m  [1m[35mBEGIN[0m
  [1m[35mSQL (0.3ms)[0m  [1m[32mINSERT INTO "proposals" ("customer", "portfolio_url", "tools", "estimated_hours", "hourly_rate", "weeks_to_complete", "client_email", "created_at", "updated_at") VALUES ($1, $2, $3, $4, $5, $6, $7, $8, $9) RETURNING "id"[0m  [["customer", "Customer 8"], ["portfolio_url", "http://portfolio.jordanhudgens.com"], ["tools", "Ruby on Rails, Angular 2, and Postgres"], ["estimated_hours", "57.0"], ["hourly_rate", "111.0"], ["weeks_to_complete", 19], ["client_email", "tharman@familyguardfiltering.com"], ["created_at", "2018-04-07 23:16:49.893426"], ["updated_at", "2018-04-07 23:16:49.893426"]]
  [1m[35m (9.1ms)[0m  [1m[35mCOMMIT[0m
  [1m[35m (0.2ms)[0m  [1m[35mBEGIN[0m
  [1m[35mSQL (0.5ms)[0m  [1m[32mINSERT INTO "proposals" ("customer", "portfolio_url", "tools", "estimated_hours", "hourly_rate", "weeks_to_complete", "client_email", "created_at", "updated_at") VALUES ($1, $2, $3, $4, $5, $6, $7, $8, $9) RETURNING "id"[0m  [["customer", "Customer 9"], ["portfolio_url", "http://portfolio.jordanhudgens.com"], ["tools", "Ruby on Rails, Angular 2, and Postgres"], ["estimated_hours", "45.0"], ["hourly_rate", "114.0"], ["weeks_to_complete", 12], ["client_email", "tharman@familyguardfiltering.com"], ["created_at", "2018-04-07 23:16:49.904896"], ["updated_at", "2018-04-07 23:16:49.904896"]]
  [1m[35m (8.3ms)[0m  [1m[35mCOMMIT[0m
  [1m[35m (0.5ms)[0m  [1m[34mSELECT COUNT(*) FROM "proposals"[0m
Started GET "/" for ::1 at 2018-04-07 17:17:56 -0600
  [1m[35m (0.4ms)[0m  [1m[34mSELECT "schema_migrations"."version" FROM "schema_migrations" ORDER BY "schema_migrations"."version" ASC[0m
Processing by Rails::WelcomeController#index as HTML
  Rendering /home/harmtan13/.rvm/gems/ruby-2.4.1/gems/railties-5.1.6/lib/rails/templates/rails/welcome/index.html.erb
  Rendered /home/harmtan13/.rvm/gems/ruby-2.4.1/gems/railties-5.1.6/lib/rails/templates/rails/welcome/index.html.erb (1.7ms)
Completed 200 OK in 4ms (Views: 3.6ms | ActiveRecord: 0.0ms)


Started GET "/proposals" for ::1 at 2018-04-07 17:18:02 -0600
Processing by ProposalsController#index as HTML
  [1m[36mProposal Load (0.3ms)[0m  [1m[34mSELECT "proposals".* FROM "proposals"[0m
Completed 200 OK in 22ms (Views: 14.7ms | ActiveRecord: 5.9ms)


Started GET "/proposals.json" for ::1 at 2018-04-07 17:41:34 -0600
Processing by ProposalsController#index as JSON
  [1m[36mProposal Load (0.3ms)[0m  [1m[34mSELECT "proposals".* FROM "proposals"[0m
Completed 200 OK in 5ms (Views: 3.9ms | ActiveRecord: 0.3ms)


Started GET "/proposals.json" for ::1 at 2018-04-07 17:41:40 -0600
Processing by ProposalsController#index as JSON
  [1m[36mProposal Load (0.5ms)[0m  [1m[34mSELECT "proposals".* FROM "proposals"[0m
Completed 200 OK in 3ms (Views: 2.4ms | ActiveRecord: 0.5ms)


Started GET "/proposals.json" for ::1 at 2018-04-07 17:41:45 -0600
Processing by ProposalsController#index as JSON
  [1m[36mProposal Load (0.4ms)[0m  [1m[34mSELECT "proposals".* FROM "proposals"[0m
Completed 200 OK in 5ms (Views: 4.5ms | ActiveRecord: 0.4ms)


Started GET "/proposals.json" for ::1 at 2018-04-07 17:41:50 -0600
Processing by ProposalsController#index as JSON
  [1m[36mProposal Load (0.8ms)[0m  [1m[34mSELECT "proposals".* FROM "proposals"[0m
Completed 200 OK in 10ms (Views: 9.0ms | ActiveRecord: 0.8ms)


Started GET "/proposals.json" for ::1 at 2018-04-07 17:41:56 -0600
Processing by ProposalsController#index as JSON
  [1m[36mProposal Load (0.9ms)[0m  [1m[34mSELECT "proposals".* FROM "proposals"[0m
Completed 200 OK in 15ms (Views: 13.8ms | ActiveRecord: 0.9ms)


Started GET "/proposals.json" for ::1 at 2018-04-07 17:42:04 -0600
Processing by ProposalsController#index as JSON
  [1m[36mProposal Load (0.8ms)[0m  [1m[34mSELECT "proposals".* FROM "proposals"[0m
Completed 200 OK in 38ms (Views: 36.3ms | ActiveRecord: 0.8ms)


Started GET "/proposals.json" for ::1 at 2018-04-07 17:42:09 -0600
Processing by ProposalsController#index as JSON
  [1m[36mProposal Load (0.7ms)[0m  [1m[34mSELECT "proposals".* FROM "proposals"[0m
Completed 200 OK in 9ms (Views: 8.1ms | ActiveRecord: 0.7ms)


Started GET "/proposals.json" for ::1 at 2018-04-07 17:42:14 -0600
Processing by ProposalsController#index as JSON
  [1m[36mProposal Load (0.8ms)[0m  [1m[34mSELECT "proposals".* FROM "proposals"[0m
Completed 200 OK in 10ms (Views: 8.3ms | ActiveRecord: 0.8ms)


Started GET "/proposals.json" for ::1 at 2018-04-07 17:42:19 -0600
Processing by ProposalsController#index as JSON
  [1m[36mProposal Load (0.8ms)[0m  [1m[34mSELECT "proposals".* FROM "proposals"[0m
Completed 200 OK in 10ms (Views: 8.7ms | ActiveRecord: 0.8ms)


Started GET "/proposals.json" for ::1 at 2018-04-07 17:42:24 -0600
Processing by ProposalsController#index as JSON
  [1m[36mProposal Load (0.7ms)[0m  [1m[34mSELECT "proposals".* FROM "proposals"[0m
Completed 200 OK in 9ms (Views: 8.1ms | ActiveRecord: 0.7ms)


Started GET "/proposals.json" for ::1 at 2018-04-07 17:42:29 -0600
Processing by ProposalsController#index as JSON
  [1m[36mProposal Load (0.4ms)[0m  [1m[34mSELECT "proposals".* FROM "proposals"[0m
Completed 200 OK in 6ms (Views: 4.9ms | ActiveRecord: 0.4ms)


Started GET "/proposals.json" for ::1 at 2018-04-07 17:42:34 -0600
Processing by ProposalsController#index as JSON
  [1m[36mProposal Load (0.5ms)[0m  [1m[34mSELECT "proposals".* FROM "proposals"[0m
Completed 200 OK in 7ms (Views: 6.0ms | ActiveRecord: 0.5ms)


Started GET "/proposals.json" for ::1 at 2018-04-07 17:42:39 -0600
Processing by ProposalsController#index as JSON
  [1m[36mProposal Load (0.6ms)[0m  [1m[34mSELECT "proposals".* FROM "proposals"[0m
Completed 200 OK in 8ms (Views: 7.4ms | ActiveRecord: 0.6ms)


  [1m[35m (0.3ms)[0m  [1m[34mSELECT "schema_migrations"."version" FROM "schema_migrations" ORDER BY "schema_migrations"."version" ASC[0m
  [1m[35m (0.2ms)[0m  [1m[34mSELECT "ar_internal_metadata"."value" FROM "ar_internal_metadata" WHERE "ar_internal_metadata"."key" = $1[0m  [["key", "environment"]]
  [1m[35m (0.1ms)[0m  [1m[34mSELECT "schema_migrations"."version" FROM "schema_migrations" ORDER BY "schema_migrations"."version" ASC[0m
  [1m[35m (0.1ms)[0m  [1m[34mSELECT "ar_internal_metadata"."value" FROM "ar_internal_metadata" WHERE "ar_internal_metadata"."key" = $1[0m  [["key", "environment"]]
  [1m[35m (0.1ms)[0m  [1m[34mSELECT "schema_migrations"."version" FROM "schema_migrations" ORDER BY "schema_migrations"."version" ASC[0m
  [1m[35m (0.1ms)[0m  [1m[34mSELECT "ar_internal_metadata"."value" FROM "ar_internal_metadata" WHERE "ar_internal_metadata"."key" = $1[0m  [["key", "environment"]]
  [1m[35mSQL (0.1ms)[0m  [1m[35mCREATE EXTENSION IF NOT EXISTS "plpgsql"[0m
  [1m[35m (36.4ms)[0m  [1m[35mDROP TABLE IF EXISTS "proposals" CASCADE[0m
  [1m[35m (89.7ms)[0m  [1m[35mCREATE TABLE "proposals" ("id" bigserial primary key, "customer" character varying, "portfolio_url" character varying, "tools" character varying, "estimated_hours" decimal, "hourly_rate" decimal, "weeks_to_complete" integer, "client_email" character varying, "created_at" timestamp NOT NULL, "updated_at" timestamp NOT NULL)[0m
  [1m[35m (0.4ms)[0m  [1m[34mSELECT "schema_migrations"."version" FROM "schema_migrations" ORDER BY "schema_migrations"."version" ASC[0m
  [1m[36mActiveRecord::InternalMetadata Load (0.2ms)[0m  [1m[34mSELECT  "ar_internal_metadata".* FROM "ar_internal_metadata" WHERE "ar_internal_metadata"."key" = $1 LIMIT $2[0m  [["key", "environment"], ["LIMIT", 1]]
  [1m[35m (0.1ms)[0m  [1m[35mBEGIN[0m
  [1m[35m (0.1ms)[0m  [1m[35mCOMMIT[0m
  [1m[36mActiveRecord::InternalMetadata Load (0.1ms)[0m  [1m[34mSELECT  "ar_internal_metadata".* FROM "ar_internal_metadata" WHERE "ar_internal_metadata"."key" = $1 LIMIT $2[0m  [["key", "environment"], ["LIMIT", 1]]
  [1m[35m (0.1ms)[0m  [1m[35mBEGIN[0m
  [1m[35m (0.1ms)[0m  [1m[35mCOMMIT[0m
  [1m[35mSQL (0.1ms)[0m  [1m[35mCREATE EXTENSION IF NOT EXISTS "plpgsql"[0m
  [1m[35m (4.0ms)[0m  [1m[35mDROP TABLE IF EXISTS "proposals" CASCADE[0m
  [1m[35m (89.6ms)[0m  [1m[35mCREATE TABLE "proposals" ("id" bigserial primary key, "customer" character varying, "portfolio_url" character varying, "tools" character varying, "estimated_hours" decimal, "hourly_rate" decimal, "weeks_to_complete" integer, "client_email" character varying, "created_at" timestamp NOT NULL, "updated_at" timestamp NOT NULL)[0m
  [1m[35m (0.5ms)[0m  [1m[34mSELECT "schema_migrations"."version" FROM "schema_migrations" ORDER BY "schema_migrations"."version" ASC[0m
  [1m[36mActiveRecord::InternalMetadata Load (0.2ms)[0m  [1m[34mSELECT  "ar_internal_metadata".* FROM "ar_internal_metadata" WHERE "ar_internal_metadata"."key" = $1 LIMIT $2[0m  [["key", "environment"], ["LIMIT", 1]]
  [1m[35m (0.1ms)[0m  [1m[35mBEGIN[0m
  [1m[35mSQL (0.2ms)[0m  [1m[33mUPDATE "ar_internal_metadata" SET "value" = $1, "updated_at" = $2 WHERE "ar_internal_metadata"."key" = $3[0m  [["value", "development"], ["updated_at", "2018-04-07 23:42:44.457988"], ["key", "environment"]]
  [1m[35m (17.0ms)[0m  [1m[35mCOMMIT[0m
  [1m[36mActiveRecord::InternalMetadata Load (0.2ms)[0m  [1m[34mSELECT  "ar_internal_metadata".* FROM "ar_internal_metadata" WHERE "ar_internal_metadata"."key" = $1 LIMIT $2[0m  [["key", "environment"], ["LIMIT", 1]]
  [1m[35m (0.1ms)[0m  [1m[35mBEGIN[0m
  [1m[35mSQL (0.2ms)[0m  [1m[33mUPDATE "ar_internal_metadata" SET "value" = $1, "updated_at" = $2 WHERE "ar_internal_metadata"."key" = $3[0m  [["value", "test"], ["updated_at", "2018-04-07 23:42:44.477650"], ["key", "environment"]]
  [1m[35m (8.7ms)[0m  [1m[35mCOMMIT[0m
  [1m[35m (0.4ms)[0m  [1m[34mSELECT "schema_migrations"."version" FROM "schema_migrations" ORDER BY "schema_migrations"."version" ASC[0m
  [1m[35m (0.1ms)[0m  [1m[35mBEGIN[0m
  [1m[35mSQL (0.4ms)[0m  [1m[32mINSERT INTO "proposals" ("customer", "portfolio_url", "tools", "estimated_hours", "hourly_rate", "weeks_to_complete", "client_email", "created_at", "updated_at") VALUES ($1, $2, $3, $4, $5, $6, $7, $8, $9) RETURNING "id"[0m  [["customer", "Customer 1"], ["portfolio_url", "http://portfolio.jordanhudgens.com"], ["tools", "Ruby on Rails, Angular 2, and Postgres"], ["estimated_hours", "49.0"], ["hourly_rate", "106.0"], ["weeks_to_complete", 3], ["client_email", "tharman@familyguardfiltering.com"], ["created_at", "2018-04-07 23:42:44.510689"], ["updated_at", "2018-04-07 23:42:44.510689"]]
  [1m[35m (8.7ms)[0m  [1m[35mCOMMIT[0m
  [1m[35m (0.2ms)[0m  [1m[35mBEGIN[0m
  [1m[35mSQL (0.3ms)[0m  [1m[32mINSERT INTO "proposals" ("customer", "portfolio_url", "tools", "estimated_hours", "hourly_rate", "weeks_to_complete", "client_email", "created_at", "updated_at") VALUES ($1, $2, $3, $4, $5, $6, $7, $8, $9) RETURNING "id"[0m  [["customer", "Customer 2"], ["portfolio_url", "http://portfolio.jordanhudgens.com"], ["tools", "Ruby on Rails, Angular 2, and Postgres"], ["estimated_hours", "36.0"], ["hourly_rate", "131.0"], ["weeks_to_complete", 0], ["client_email", "tharman@familyguardfiltering.com"], ["created_at", "2018-04-07 23:42:44.521546"], ["updated_at", "2018-04-07 23:42:44.521546"]]
  [1m[35m (9.2ms)[0m  [1m[35mCOMMIT[0m
  [1m[35m (0.2ms)[0m  [1m[35mBEGIN[0m
  [1m[35mSQL (0.3ms)[0m  [1m[32mINSERT INTO "proposals" ("customer", "portfolio_url", "tools", "estimated_hours", "hourly_rate", "weeks_to_complete", "client_email", "created_at", "updated_at") VALUES ($1, $2, $3, $4, $5, $6, $7, $8, $9) RETURNING "id"[0m  [["customer", "Customer 3"], ["portfolio_url", "http://portfolio.jordanhudgens.com"], ["tools", "Ruby on Rails, Angular 2, and Postgres"], ["estimated_hours", "73.0"], ["hourly_rate", "127.0"], ["weeks_to_complete", 15], ["client_email", "tharman@familyguardfiltering.com"], ["created_at", "2018-04-07 23:42:44.532673"], ["updated_at", "2018-04-07 23:42:44.532673"]]
  [1m[35m (9.2ms)[0m  [1m[35mCOMMIT[0m
  [1m[35m (0.2ms)[0m  [1m[35mBEGIN[0m
  [1m[35mSQL (0.3ms)[0m  [1m[32mINSERT INTO "proposals" ("customer", "portfolio_url", "tools", "estimated_hours", "hourly_rate", "weeks_to_complete", "client_email", "created_at", "updated_at") VALUES ($1, $2, $3, $4, $5, $6, $7, $8, $9) RETURNING "id"[0m  [["customer", "Customer 4"], ["portfolio_url", "http://portfolio.jordanhudgens.com"], ["tools", "Ruby on Rails, Angular 2, and Postgres"], ["estimated_hours", "18.0"], ["hourly_rate", "128.0"], ["weeks_to_complete", 5], ["client_email", "tharman@familyguardfiltering.com"], ["created_at", "2018-04-07 23:42:44.543744"], ["updated_at", "2018-04-07 23:42:44.543744"]]
  [1m[35m (9.2ms)[0m  [1m[35mCOMMIT[0m
  [1m[35m (0.2ms)[0m  [1m[35mBEGIN[0m
  [1m[35mSQL (0.3ms)[0m  [1m[32mINSERT INTO "proposals" ("customer", "portfolio_url", "tools", "estimated_hours", "hourly_rate", "weeks_to_complete", "client_email", "created_at", "updated_at") VALUES ($1, $2, $3, $4, $5, $6, $7, $8, $9) RETURNING "id"[0m  [["customer", "Customer 5"], ["portfolio_url", "http://portfolio.jordanhudgens.com"], ["tools", "Ruby on Rails, Angular 2, and Postgres"], ["estimated_hours", "75.0"], ["hourly_rate", "138.0"], ["weeks_to_complete", 13], ["client_email", "tharman@familyguardfiltering.com"], ["created_at", "2018-04-07 23:42:44.554833"], ["updated_at", "2018-04-07 23:42:44.554833"]]
  [1m[35m (9.1ms)[0m  [1m[35mCOMMIT[0m
  [1m[35m (0.2ms)[0m  [1m[35mBEGIN[0m
  [1m[35mSQL (0.3ms)[0m  [1m[32mINSERT INTO "proposals" ("customer", "portfolio_url", "tools", "estimated_hours", "hourly_rate", "weeks_to_complete", "client_email", "created_at", "updated_at") VALUES ($1, $2, $3, $4, $5, $6, $7, $8, $9) RETURNING "id"[0m  [["customer", "Customer 6"], ["portfolio_url", "http://portfolio.jordanhudgens.com"], ["tools", "Ruby on Rails, Angular 2, and Postgres"], ["estimated_hours", "46.0"], ["hourly_rate", "101.0"], ["weeks_to_complete", 5], ["client_email", "tharman@familyguardfiltering.com"], ["created_at", "2018-04-07 23:42:44.565640"], ["updated_at", "2018-04-07 23:42:44.565640"]]
  [1m[35m (9.6ms)[0m  [1m[35mCOMMIT[0m
  [1m[35m (0.1ms)[0m  [1m[35mBEGIN[0m
  [1m[35mSQL (0.2ms)[0m  [1m[32mINSERT INTO "proposals" ("customer", "portfolio_url", "tools", "estimated_hours", "hourly_rate", "weeks_to_complete", "client_email", "created_at", "updated_at") VALUES ($1, $2, $3, $4, $5, $6, $7, $8, $9) RETURNING "id"[0m  [["customer", "Customer 7"], ["portfolio_url", "http://portfolio.jordanhudgens.com"], ["tools", "Ruby on Rails, Angular 2, and Postgres"], ["estimated_hours", "62.0"], ["hourly_rate", "113.0"], ["weeks_to_complete", 18], ["client_email", "tharman@familyguardfiltering.com"], ["created_at", "2018-04-07 23:42:44.576728"], ["updated_at", "2018-04-07 23:42:44.576728"]]
  [1m[35m (9.7ms)[0m  [1m[35mCOMMIT[0m
  [1m[35m (0.2ms)[0m  [1m[35mBEGIN[0m
  [1m[35mSQL (0.3ms)[0m  [1m[32mINSERT INTO "proposals" ("customer", "portfolio_url", "tools", "estimated_hours", "hourly_rate", "weeks_to_complete", "client_email", "created_at", "updated_at") VALUES ($1, $2, $3, $4, $5, $6, $7, $8, $9) RETURNING "id"[0m  [["customer", "Customer 8"], ["portfolio_url", "http://portfolio.jordanhudgens.com"], ["tools", "Ruby on Rails, Angular 2, and Postgres"], ["estimated_hours", "14.0"], ["hourly_rate", "122.0"], ["weeks_to_complete", 4], ["client_email", "tharman@familyguardfiltering.com"], ["created_at", "2018-04-07 23:42:44.587883"], ["updated_at", "2018-04-07 23:42:44.587883"]]
  [1m[35m (9.6ms)[0m  [1m[35mCOMMIT[0m
  [1m[35m (0.2ms)[0m  [1m[35mBEGIN[0m
  [1m[35mSQL (0.3ms)[0m  [1m[32mINSERT INTO "proposals" ("customer", "portfolio_url", "tools", "estimated_hours", "hourly_rate", "weeks_to_complete", "client_email", "created_at", "updated_at") VALUES ($1, $2, $3, $4, $5, $6, $7, $8, $9) RETURNING "id"[0m  [["customer", "Customer 9"], ["portfolio_url", "http://portfolio.jordanhudgens.com"], ["tools", "Ruby on Rails, Angular 2, and Postgres"], ["estimated_hours", "66.0"], ["hourly_rate", "146.0"], ["weeks_to_complete", 8], ["client_email", "tharman@familyguardfiltering.com"], ["created_at", "2018-04-07 23:42:44.598971"], ["updated_at", "2018-04-07 23:42:44.598971"]]
  [1m[35m (9.7ms)[0m  [1m[35mCOMMIT[0m
  [1m[35m (0.2ms)[0m  [1m[35mBEGIN[0m
  [1m[35mSQL (0.3ms)[0m  [1m[32mINSERT INTO "proposals" ("customer", "portfolio_url", "tools", "estimated_hours", "hourly_rate", "weeks_to_complete", "client_email", "created_at", "updated_at") VALUES ($1, $2, $3, $4, $5, $6, $7, $8, $9) RETURNING "id"[0m  [["customer", "Customer 10"], ["portfolio_url", "http://portfolio.jordanhudgens.com"], ["tools", "Ruby on Rails, Angular 2, and Postgres"], ["estimated_hours", "65.0"], ["hourly_rate", "110.0"], ["weeks_to_complete", 10], ["client_email", "tharman@familyguardfiltering.com"], ["created_at", "2018-04-07 23:42:44.610431"], ["updated_at", "2018-04-07 23:42:44.610431"]]
  [1m[35m (9.1ms)[0m  [1m[35mCOMMIT[0m
Started GET "/proposals.json" for ::1 at 2018-04-07 17:42:44 -0600
Processing by ProposalsController#index as JSON
  [1m[36mProposal Load (0.8ms)[0m  [1m[34mSELECT "proposals".* FROM "proposals"[0m
Completed 200 OK in 8ms (Views: 6.5ms | ActiveRecord: 0.8ms)


Started GET "/proposals.json" for ::1 at 2018-04-07 17:42:49 -0600
Processing by ProposalsController#index as JSON
  [1m[36mProposal Load (0.4ms)[0m  [1m[34mSELECT "proposals".* FROM "proposals"[0m
Completed 200 OK in 4ms (Views: 3.6ms | ActiveRecord: 0.4ms)


  [1m[35m (0.3ms)[0m  [1m[34mSELECT "schema_migrations"."version" FROM "schema_migrations" ORDER BY "schema_migrations"."version" ASC[0m
  [1m[35m (0.2ms)[0m  [1m[34mSELECT "ar_internal_metadata"."value" FROM "ar_internal_metadata" WHERE "ar_internal_metadata"."key" = $1[0m  [["key", "environment"]]
  [1m[35m (0.1ms)[0m  [1m[34mSELECT "schema_migrations"."version" FROM "schema_migrations" ORDER BY "schema_migrations"."version" ASC[0m
  [1m[35m (0.1ms)[0m  [1m[34mSELECT "ar_internal_metadata"."value" FROM "ar_internal_metadata" WHERE "ar_internal_metadata"."key" = $1[0m  [["key", "environment"]]
  [1m[35m (0.1ms)[0m  [1m[34mSELECT "schema_migrations"."version" FROM "schema_migrations" ORDER BY "schema_migrations"."version" ASC[0m
  [1m[35m (0.1ms)[0m  [1m[34mSELECT "ar_internal_metadata"."value" FROM "ar_internal_metadata" WHERE "ar_internal_metadata"."key" = $1[0m  [["key", "environment"]]
  [1m[35mSQL (0.2ms)[0m  [1m[35mCREATE EXTENSION IF NOT EXISTS "plpgsql"[0m
  [1m[35m (44.6ms)[0m  [1m[35mDROP TABLE IF EXISTS "proposals" CASCADE[0m
  [1m[35m (77.6ms)[0m  [1m[35mCREATE TABLE "proposals" ("id" bigserial primary key, "customer" character varying, "portfolio_url" character varying, "tools" character varying, "estimated_hours" decimal, "hourly_rate" decimal, "weeks_to_complete" integer, "client_email" character varying, "created_at" timestamp NOT NULL, "updated_at" timestamp NOT NULL)[0m
  [1m[35m (0.7ms)[0m  [1m[34mSELECT "schema_migrations"."version" FROM "schema_migrations" ORDER BY "schema_migrations"."version" ASC[0m
  [1m[36mActiveRecord::InternalMetadata Load (0.4ms)[0m  [1m[34mSELECT  "ar_internal_metadata".* FROM "ar_internal_metadata" WHERE "ar_internal_metadata"."key" = $1 LIMIT $2[0m  [["key", "environment"], ["LIMIT", 1]]
  [1m[35m (0.2ms)[0m  [1m[35mBEGIN[0m
  [1m[35m (0.1ms)[0m  [1m[35mCOMMIT[0m
  [1m[36mActiveRecord::InternalMetadata Load (0.2ms)[0m  [1m[34mSELECT  "ar_internal_metadata".* FROM "ar_internal_metadata" WHERE "ar_internal_metadata"."key" = $1 LIMIT $2[0m  [["key", "environment"], ["LIMIT", 1]]
  [1m[35m (0.1ms)[0m  [1m[35mBEGIN[0m
  [1m[35m (0.1ms)[0m  [1m[35mCOMMIT[0m
  [1m[35mSQL (0.1ms)[0m  [1m[35mCREATE EXTENSION IF NOT EXISTS "plpgsql"[0m
  [1m[35m (9.8ms)[0m  [1m[35mDROP TABLE IF EXISTS "proposals" CASCADE[0m
  [1m[35m (77.4ms)[0m  [1m[35mCREATE TABLE "proposals" ("id" bigserial primary key, "customer" character varying, "portfolio_url" character varying, "tools" character varying, "estimated_hours" decimal, "hourly_rate" decimal, "weeks_to_complete" integer, "client_email" character varying, "created_at" timestamp NOT NULL, "updated_at" timestamp NOT NULL)[0m
  [1m[35m (0.4ms)[0m  [1m[34mSELECT "schema_migrations"."version" FROM "schema_migrations" ORDER BY "schema_migrations"."version" ASC[0m
  [1m[36mActiveRecord::InternalMetadata Load (0.2ms)[0m  [1m[34mSELECT  "ar_internal_metadata".* FROM "ar_internal_metadata" WHERE "ar_internal_metadata"."key" = $1 LIMIT $2[0m  [["key", "environment"], ["LIMIT", 1]]
  [1m[35m (0.1ms)[0m  [1m[35mBEGIN[0m
  [1m[35mSQL (0.2ms)[0m  [1m[33mUPDATE "ar_internal_metadata" SET "value" = $1, "updated_at" = $2 WHERE "ar_internal_metadata"."key" = $3[0m  [["value", "development"], ["updated_at", "2018-04-07 23:42:52.993152"], ["key", "environment"]]
  [1m[35m (6.0ms)[0m  [1m[35mCOMMIT[0m
  [1m[36mActiveRecord::InternalMetadata Load (0.3ms)[0m  [1m[34mSELECT  "ar_internal_metadata".* FROM "ar_internal_metadata" WHERE "ar_internal_metadata"."key" = $1 LIMIT $2[0m  [["key", "environment"], ["LIMIT", 1]]
  [1m[35m (0.2ms)[0m  [1m[35mBEGIN[0m
  [1m[35mSQL (0.3ms)[0m  [1m[33mUPDATE "ar_internal_metadata" SET "value" = $1, "updated_at" = $2 WHERE "ar_internal_metadata"."key" = $3[0m  [["value", "test"], ["updated_at", "2018-04-07 23:42:53.002548"], ["key", "environment"]]
  [1m[35m (7.4ms)[0m  [1m[35mCOMMIT[0m
  [1m[35m (0.5ms)[0m  [1m[34mSELECT "schema_migrations"."version" FROM "schema_migrations" ORDER BY "schema_migrations"."version" ASC[0m
  [1m[35m (0.1ms)[0m  [1m[35mBEGIN[0m
  [1m[35mSQL (0.4ms)[0m  [1m[32mINSERT INTO "proposals" ("customer", "portfolio_url", "tools", "estimated_hours", "hourly_rate", "weeks_to_complete", "client_email", "created_at", "updated_at") VALUES ($1, $2, $3, $4, $5, $6, $7, $8, $9) RETURNING "id"[0m  [["customer", "Customer 1"], ["portfolio_url", "http://portfolio.jordanhudgens.com"], ["tools", "Ruby on Rails, Angular 2, and Postgres"], ["estimated_hours", "28.0"], ["hourly_rate", "126.0"], ["weeks_to_complete", 13], ["client_email", "tharman@familyguardfiltering.com"], ["created_at", "2018-04-07 23:42:53.039456"], ["updated_at", "2018-04-07 23:42:53.039456"]]
  [1m[35m (3.7ms)[0m  [1m[35mCOMMIT[0m
  [1m[35m (0.1ms)[0m  [1m[35mBEGIN[0m
  [1m[35mSQL (0.2ms)[0m  [1m[32mINSERT INTO "proposals" ("customer", "portfolio_url", "tools", "estimated_hours", "hourly_rate", "weeks_to_complete", "client_email", "created_at", "updated_at") VALUES ($1, $2, $3, $4, $5, $6, $7, $8, $9) RETURNING "id"[0m  [["customer", "Customer 2"], ["portfolio_url", "http://portfolio.jordanhudgens.com"], ["tools", "Ruby on Rails, Angular 2, and Postgres"], ["estimated_hours", "64.0"], ["hourly_rate", "140.0"], ["weeks_to_complete", 10], ["client_email", "tharman@familyguardfiltering.com"], ["created_at", "2018-04-07 23:42:53.045142"], ["updated_at", "2018-04-07 23:42:53.045142"]]
  [1m[35m (9.8ms)[0m  [1m[35mCOMMIT[0m
  [1m[35m (0.1ms)[0m  [1m[35mBEGIN[0m
  [1m[35mSQL (0.3ms)[0m  [1m[32mINSERT INTO "proposals" ("customer", "portfolio_url", "tools", "estimated_hours", "hourly_rate", "weeks_to_complete", "client_email", "created_at", "updated_at") VALUES ($1, $2, $3, $4, $5, $6, $7, $8, $9) RETURNING "id"[0m  [["customer", "Customer 3"], ["portfolio_url", "http://portfolio.jordanhudgens.com"], ["tools", "Ruby on Rails, Angular 2, and Postgres"], ["estimated_hours", "18.0"], ["hourly_rate", "125.0"], ["weeks_to_complete", 0], ["client_email", "tharman@familyguardfiltering.com"], ["created_at", "2018-04-07 23:42:53.056590"], ["updated_at", "2018-04-07 23:42:53.056590"]]
  [1m[35m (9.1ms)[0m  [1m[35mCOMMIT[0m
  [1m[35m (0.1ms)[0m  [1m[35mBEGIN[0m
  [1m[35mSQL (0.3ms)[0m  [1m[32mINSERT INTO "proposals" ("customer", "portfolio_url", "tools", "estimated_hours", "hourly_rate", "weeks_to_complete", "client_email", "created_at", "updated_at") VALUES ($1, $2, $3, $4, $5, $6, $7, $8, $9) RETURNING "id"[0m  [["customer", "Customer 4"], ["portfolio_url", "http://portfolio.jordanhudgens.com"], ["tools", "Ruby on Rails, Angular 2, and Postgres"], ["estimated_hours", "30.0"], ["hourly_rate", "122.0"], ["weeks_to_complete", 2], ["client_email", "tharman@familyguardfiltering.com"], ["created_at", "2018-04-07 23:42:53.067616"], ["updated_at", "2018-04-07 23:42:53.067616"]]
  [1m[35m (9.3ms)[0m  [1m[35mCOMMIT[0m
  [1m[35m (0.4ms)[0m  [1m[35mBEGIN[0m
  [1m[35mSQL (0.4ms)[0m  [1m[32mINSERT INTO "proposals" ("customer", "portfolio_url", "tools", "estimated_hours", "hourly_rate", "weeks_to_complete", "client_email", "created_at", "updated_at") VALUES ($1, $2, $3, $4, $5, $6, $7, $8, $9) RETURNING "id"[0m  [["customer", "Customer 5"], ["portfolio_url", "http://portfolio.jordanhudgens.com"], ["tools", "Ruby on Rails, Angular 2, and Postgres"], ["estimated_hours", "48.0"], ["hourly_rate", "104.0"], ["weeks_to_complete", 10], ["client_email", "tharman@familyguardfiltering.com"], ["created_at", "2018-04-07 23:42:53.079342"], ["updated_at", "2018-04-07 23:42:53.079342"]]
  [1m[35m (8.3ms)[0m  [1m[35mCOMMIT[0m
  [1m[35m (0.1ms)[0m  [1m[35mBEGIN[0m
  [1m[35mSQL (0.2ms)[0m  [1m[32mINSERT INTO "proposals" ("customer", "portfolio_url", "tools", "estimated_hours", "hourly_rate", "weeks_to_complete", "client_email", "created_at", "updated_at") VALUES ($1, $2, $3, $4, $5, $6, $7, $8, $9) RETURNING "id"[0m  [["customer", "Customer 6"], ["portfolio_url", "http://portfolio.jordanhudgens.com"], ["tools", "Ruby on Rails, Angular 2, and Postgres"], ["estimated_hours", "12.0"], ["hourly_rate", "121.0"], ["weeks_to_complete", 1], ["client_email", "tharman@familyguardfiltering.com"], ["created_at", "2018-04-07 23:42:53.089752"], ["updated_at", "2018-04-07 23:42:53.089752"]]
  [1m[35m (9.4ms)[0m  [1m[35mCOMMIT[0m
  [1m[35m (0.1ms)[0m  [1m[35mBEGIN[0m
  [1m[35mSQL (0.2ms)[0m  [1m[32mINSERT INTO "proposals" ("customer", "portfolio_url", "tools", "estimated_hours", "hourly_rate", "weeks_to_complete", "client_email", "created_at", "updated_at") VALUES ($1, $2, $3, $4, $5, $6, $7, $8, $9) RETURNING "id"[0m  [["customer", "Customer 7"], ["portfolio_url", "http://portfolio.jordanhudgens.com"], ["tools", "Ruby on Rails, Angular 2, and Postgres"], ["estimated_hours", "20.0"], ["hourly_rate", "149.0"], ["weeks_to_complete", 6], ["client_email", "tharman@familyguardfiltering.com"], ["created_at", "2018-04-07 23:42:53.100627"], ["updated_at", "2018-04-07 23:42:53.100627"]]
  [1m[35m (9.8ms)[0m  [1m[35mCOMMIT[0m
  [1m[35m (0.1ms)[0m  [1m[35mBEGIN[0m
  [1m[35mSQL (0.2ms)[0m  [1m[32mINSERT INTO "proposals" ("customer", "portfolio_url", "tools", "estimated_hours", "hourly_rate", "weeks_to_complete", "client_email", "created_at", "updated_at") VALUES ($1, $2, $3, $4, $5, $6, $7, $8, $9) RETURNING "id"[0m  [["customer", "Customer 8"], ["portfolio_url", "http://portfolio.jordanhudgens.com"], ["tools", "Ruby on Rails, Angular 2, and Postgres"], ["estimated_hours", "12.0"], ["hourly_rate", "149.0"], ["weeks_to_complete", 17], ["client_email", "tharman@familyguardfiltering.com"], ["created_at", "2018-04-07 23:42:53.111720"], ["updated_at", "2018-04-07 23:42:53.111720"]]
  [1m[35m (9.8ms)[0m  [1m[35mCOMMIT[0m
  [1m[35m (0.1ms)[0m  [1m[35mBEGIN[0m
  [1m[35mSQL (0.2ms)[0m  [1m[32mINSERT INTO "proposals" ("customer", "portfolio_url", "tools", "estimated_hours", "hourly_rate", "weeks_to_complete", "client_email", "created_at", "updated_at") VALUES ($1, $2, $3, $4, $5, $6, $7, $8, $9) RETURNING "id"[0m  [["customer", "Customer 9"], ["portfolio_url", "http://portfolio.jordanhudgens.com"], ["tools", "Ruby on Rails, Angular 2, and Postgres"], ["estimated_hours", "37.0"], ["hourly_rate", "134.0"], ["weeks_to_complete", 1], ["client_email", "tharman@familyguardfiltering.com"], ["created_at", "2018-04-07 23:42:53.122825"], ["updated_at", "2018-04-07 23:42:53.122825"]]
  [1m[35m (9.8ms)[0m  [1m[35mCOMMIT[0m
  [1m[35m (0.1ms)[0m  [1m[35mBEGIN[0m
  [1m[35mSQL (0.2ms)[0m  [1m[32mINSERT INTO "proposals" ("customer", "portfolio_url", "tools", "estimated_hours", "hourly_rate", "weeks_to_complete", "client_email", "created_at", "updated_at") VALUES ($1, $2, $3, $4, $5, $6, $7, $8, $9) RETURNING "id"[0m  [["customer", "Customer 10"], ["portfolio_url", "http://portfolio.jordanhudgens.com"], ["tools", "Ruby on Rails, Angular 2, and Postgres"], ["estimated_hours", "19.0"], ["hourly_rate", "115.0"], ["weeks_to_complete", 1], ["client_email", "tharman@familyguardfiltering.com"], ["created_at", "2018-04-07 23:42:53.133943"], ["updated_at", "2018-04-07 23:42:53.133943"]]
  [1m[35m (9.9ms)[0m  [1m[35mCOMMIT[0m
Started GET "/proposals.json" for ::1 at 2018-04-07 17:42:54 -0600
Processing by ProposalsController#index as JSON
  [1m[36mProposal Load (0.8ms)[0m  [1m[34mSELECT "proposals".* FROM "proposals"[0m
Completed 200 OK in 7ms (Views: 5.7ms | ActiveRecord: 0.8ms)


Started GET "/proposals.json" for ::1 at 2018-04-07 17:42:59 -0600
Processing by ProposalsController#index as JSON
  [1m[36mProposal Load (0.4ms)[0m  [1m[34mSELECT "proposals".* FROM "proposals"[0m
Completed 200 OK in 4ms (Views: 3.0ms | ActiveRecord: 0.4ms)


Started GET "/proposals.json" for ::1 at 2018-04-07 17:43:04 -0600
Processing by ProposalsController#index as JSON
  [1m[36mProposal Load (0.2ms)[0m  [1m[34mSELECT "proposals".* FROM "proposals"[0m
Completed 200 OK in 3ms (Views: 2.6ms | ActiveRecord: 0.2ms)


Started GET "/proposals.json" for ::1 at 2018-04-07 17:43:04 -0600
Processing by ProposalsController#index as JSON
  [1m[36mProposal Load (0.2ms)[0m  [1m[34mSELECT "proposals".* FROM "proposals"[0m
Completed 200 OK in 3ms (Views: 2.5ms | ActiveRecord: 0.2ms)


Started GET "/proposals.json" for ::1 at 2018-04-07 17:43:09 -0600
Processing by ProposalsController#index as JSON
  [1m[36mProposal Load (0.4ms)[0m  [1m[34mSELECT "proposals".* FROM "proposals"[0m
Completed 200 OK in 5ms (Views: 4.8ms | ActiveRecord: 0.4ms)


Started GET "/proposals.json" for ::1 at 2018-04-07 17:43:09 -0600
Processing by ProposalsController#index as JSON
  [1m[36mProposal Load (0.5ms)[0m  [1m[34mSELECT "proposals".* FROM "proposals"[0m
Completed 200 OK in 6ms (Views: 5.3ms | ActiveRecord: 0.5ms)


Started GET "/proposals.json" for ::1 at 2018-04-07 17:43:14 -0600
Processing by ProposalsController#index as JSON
  [1m[36mProposal Load (0.5ms)[0m  [1m[34mSELECT "proposals".* FROM "proposals"[0m
Completed 200 OK in 7ms (Views: 6.0ms | ActiveRecord: 0.5ms)


Started GET "/proposals.json" for ::1 at 2018-04-07 17:43:14 -0600
Processing by ProposalsController#index as JSON
  [1m[36mProposal Load (0.5ms)[0m  [1m[34mSELECT "proposals".* FROM "proposals"[0m
Completed 200 OK in 7ms (Views: 5.9ms | ActiveRecord: 0.5ms)


Started GET "/proposals.json" for ::1 at 2018-04-07 17:43:19 -0600
Processing by ProposalsController#index as JSON
  [1m[36mProposal Load (0.6ms)[0m  [1m[34mSELECT "proposals".* FROM "proposals"[0m
Completed 200 OK in 10ms (Views: 9.1ms | ActiveRecord: 0.6ms)


Started GET "/proposals.json" for ::1 at 2018-04-07 17:43:19 -0600
Processing by ProposalsController#index as JSON
  [1m[36mProposal Load (0.5ms)[0m  [1m[34mSELECT "proposals".* FROM "proposals"[0m
Completed 200 OK in 6ms (Views: 5.3ms | ActiveRecord: 0.5ms)


Started GET "/proposals.json" for ::1 at 2018-04-07 17:43:24 -0600
Processing by ProposalsController#index as JSON
  [1m[36mProposal Load (0.3ms)[0m  [1m[34mSELECT "proposals".* FROM "proposals"[0m
Completed 200 OK in 4ms (Views: 3.9ms | ActiveRecord: 0.3ms)


Started GET "/proposals.json" for ::1 at 2018-04-07 17:43:24 -0600
Processing by ProposalsController#index as JSON
  [1m[36mProposal Load (0.5ms)[0m  [1m[34mSELECT "proposals".* FROM "proposals"[0m
Completed 200 OK in 5ms (Views: 4.7ms | ActiveRecord: 0.5ms)


Started GET "/proposals.json" for ::1 at 2018-04-07 17:43:29 -0600
Processing by ProposalsController#index as JSON
  [1m[36mProposal Load (0.6ms)[0m  [1m[34mSELECT "proposals".* FROM "proposals"[0m
Completed 200 OK in 7ms (Views: 6.3ms | ActiveRecord: 0.6ms)


Started GET "/proposals.json" for ::1 at 2018-04-07 17:43:29 -0600
Processing by ProposalsController#index as JSON
  [1m[36mProposal Load (0.3ms)[0m  [1m[34mSELECT "proposals".* FROM "proposals"[0m
Completed 200 OK in 4ms (Views: 3.8ms | ActiveRecord: 0.3ms)


Started GET "/proposals.json" for ::1 at 2018-04-07 17:43:34 -0600
Processing by ProposalsController#index as JSON
  [1m[36mProposal Load (0.5ms)[0m  [1m[34mSELECT "proposals".* FROM "proposals"[0m
Completed 200 OK in 5ms (Views: 4.6ms | ActiveRecord: 0.5ms)


Started GET "/proposals.json" for ::1 at 2018-04-07 17:43:34 -0600
Processing by ProposalsController#index as JSON
  [1m[36mProposal Load (0.3ms)[0m  [1m[34mSELECT "proposals".* FROM "proposals"[0m
Completed 200 OK in 4ms (Views: 3.7ms | ActiveRecord: 0.3ms)


Started GET "/proposals.json" for ::1 at 2018-04-07 17:43:39 -0600
Processing by ProposalsController#index as JSON
  [1m[36mProposal Load (0.5ms)[0m  [1m[34mSELECT "proposals".* FROM "proposals"[0m
Completed 200 OK in 4ms (Views: 3.5ms | ActiveRecord: 0.5ms)


Started GET "/proposals.json" for ::1 at 2018-04-07 17:43:39 -0600
Processing by ProposalsController#index as JSON
  [1m[36mProposal Load (0.5ms)[0m  [1m[34mSELECT "proposals".* FROM "proposals"[0m
Completed 200 OK in 5ms (Views: 3.9ms | ActiveRecord: 0.5ms)


Started GET "/proposals.json" for ::1 at 2018-04-07 17:43:44 -0600
Processing by ProposalsController#index as JSON
  [1m[36mProposal Load (0.5ms)[0m  [1m[34mSELECT "proposals".* FROM "proposals"[0m
Completed 200 OK in 6ms (Views: 5.5ms | ActiveRecord: 0.5ms)


Started GET "/proposals.json" for ::1 at 2018-04-07 17:43:44 -0600
Processing by ProposalsController#index as JSON
  [1m[36mProposal Load (0.3ms)[0m  [1m[34mSELECT "proposals".* FROM "proposals"[0m
Completed 200 OK in 4ms (Views: 3.1ms | ActiveRecord: 0.3ms)


Started GET "/proposals.json" for ::1 at 2018-04-07 17:43:49 -0600
Processing by ProposalsController#index as JSON
  [1m[36mProposal Load (0.2ms)[0m  [1m[34mSELECT "proposals".* FROM "proposals"[0m
Completed 200 OK in 4ms (Views: 3.2ms | ActiveRecord: 0.2ms)


Started GET "/proposals.json" for ::1 at 2018-04-07 17:43:49 -0600
Processing by ProposalsController#index as JSON
  [1m[36mProposal Load (0.4ms)[0m  [1m[34mSELECT "proposals".* FROM "proposals"[0m
Completed 200 OK in 5ms (Views: 3.9ms | ActiveRecord: 0.4ms)


Started GET "/proposals.json" for ::1 at 2018-04-07 17:43:54 -0600
Processing by ProposalsController#index as JSON
  [1m[36mProposal Load (0.3ms)[0m  [1m[34mSELECT "proposals".* FROM "proposals"[0m
Completed 200 OK in 4ms (Views: 3.8ms | ActiveRecord: 0.3ms)


Started GET "/proposals.json" for ::1 at 2018-04-07 17:43:54 -0600
Processing by ProposalsController#index as JSON
  [1m[36mProposal Load (0.5ms)[0m  [1m[34mSELECT "proposals".* FROM "proposals"[0m
Completed 200 OK in 7ms (Views: 6.0ms | ActiveRecord: 0.5ms)


Started GET "/proposals.json" for ::1 at 2018-04-07 17:43:59 -0600
Processing by ProposalsController#index as JSON
  [1m[36mProposal Load (0.5ms)[0m  [1m[34mSELECT "proposals".* FROM "proposals"[0m
Completed 200 OK in 6ms (Views: 4.8ms | ActiveRecord: 0.5ms)


Started GET "/proposals.json" for ::1 at 2018-04-07 17:43:59 -0600
Processing by ProposalsController#index as JSON
  [1m[36mProposal Load (0.4ms)[0m  [1m[34mSELECT "proposals".* FROM "proposals"[0m
Completed 200 OK in 5ms (Views: 4.3ms | ActiveRecord: 0.4ms)


Started GET "/proposals.json" for ::1 at 2018-04-07 17:44:04 -0600
Processing by ProposalsController#index as JSON
  [1m[36mProposal Load (0.5ms)[0m  [1m[34mSELECT "proposals".* FROM "proposals"[0m
Completed 200 OK in 7ms (Views: 6.1ms | ActiveRecord: 0.5ms)


Started GET "/proposals.json" for ::1 at 2018-04-07 17:44:04 -0600
Processing by ProposalsController#index as JSON
  [1m[36mProposal Load (0.5ms)[0m  [1m[34mSELECT "proposals".* FROM "proposals"[0m
Completed 200 OK in 5ms (Views: 4.3ms | ActiveRecord: 0.5ms)


Started GET "/proposals.json" for ::1 at 2018-04-07 17:44:09 -0600
Processing by ProposalsController#index as JSON
  [1m[36mProposal Load (0.4ms)[0m  [1m[34mSELECT "proposals".* FROM "proposals"[0m
Completed 200 OK in 4ms (Views: 3.1ms | ActiveRecord: 0.4ms)


Started GET "/proposals.json" for ::1 at 2018-04-07 17:44:09 -0600
Processing by ProposalsController#index as JSON
  [1m[36mProposal Load (0.4ms)[0m  [1m[34mSELECT "proposals".* FROM "proposals"[0m
Completed 200 OK in 5ms (Views: 4.0ms | ActiveRecord: 0.4ms)


Started GET "/proposals.json" for ::1 at 2018-04-07 17:44:14 -0600
Processing by ProposalsController#index as JSON
  [1m[36mProposal Load (0.2ms)[0m  [1m[34mSELECT "proposals".* FROM "proposals"[0m
Completed 200 OK in 3ms (Views: 2.2ms | ActiveRecord: 0.2ms)


Started GET "/proposals.json" for ::1 at 2018-04-07 17:44:14 -0600
Processing by ProposalsController#index as JSON
  [1m[36mProposal Load (0.2ms)[0m  [1m[34mSELECT "proposals".* FROM "proposals"[0m
Completed 200 OK in 3ms (Views: 2.3ms | ActiveRecord: 0.2ms)


Started GET "/proposals.json" for ::1 at 2018-04-07 17:44:19 -0600
Processing by ProposalsController#index as JSON
  [1m[36mProposal Load (0.3ms)[0m  [1m[34mSELECT "proposals".* FROM "proposals"[0m
Completed 200 OK in 4ms (Views: 3.7ms | ActiveRecord: 0.3ms)


Started GET "/proposals.json" for ::1 at 2018-04-07 17:44:19 -0600
Processing by ProposalsController#index as JSON
  [1m[36mProposal Load (0.4ms)[0m  [1m[34mSELECT "proposals".* FROM "proposals"[0m
Completed 200 OK in 4ms (Views: 3.8ms | ActiveRecord: 0.4ms)


Started GET "/proposals.json" for ::1 at 2018-04-07 17:44:24 -0600
Processing by ProposalsController#index as JSON
  [1m[36mProposal Load (0.3ms)[0m  [1m[34mSELECT "proposals".* FROM "proposals"[0m
Completed 200 OK in 4ms (Views: 3.4ms | ActiveRecord: 0.3ms)


Started GET "/proposals.json" for ::1 at 2018-04-07 17:44:24 -0600
Processing by ProposalsController#index as JSON
  [1m[36mProposal Load (0.4ms)[0m  [1m[34mSELECT "proposals".* FROM "proposals"[0m
Completed 200 OK in 5ms (Views: 4.1ms | ActiveRecord: 0.4ms)


Started GET "/proposals.json" for ::1 at 2018-04-07 17:44:29 -0600
Processing by ProposalsController#index as JSON
  [1m[36mProposal Load (0.3ms)[0m  [1m[34mSELECT "proposals".* FROM "proposals"[0m
Completed 200 OK in 4ms (Views: 3.9ms | ActiveRecord: 0.3ms)


Started GET "/proposals.json" for ::1 at 2018-04-07 17:44:29 -0600
Processing by ProposalsController#index as JSON
  [1m[36mProposal Load (0.4ms)[0m  [1m[34mSELECT "proposals".* FROM "proposals"[0m
Completed 200 OK in 5ms (Views: 4.5ms | ActiveRecord: 0.4ms)


Started GET "/proposals.json" for ::1 at 2018-04-07 17:44:34 -0600
Processing by ProposalsController#index as JSON
  [1m[36mProposal Load (0.4ms)[0m  [1m[34mSELECT "proposals".* FROM "proposals"[0m
Completed 200 OK in 5ms (Views: 4.3ms | ActiveRecord: 0.4ms)


Started GET "/proposals.json" for ::1 at 2018-04-07 17:44:34 -0600
Processing by ProposalsController#index as JSON
  [1m[36mProposal Load (0.5ms)[0m  [1m[34mSELECT "proposals".* FROM "proposals"[0m
Completed 200 OK in 5ms (Views: 4.7ms | ActiveRecord: 0.5ms)


Started GET "/proposals.json" for ::1 at 2018-04-07 17:44:39 -0600
Processing by ProposalsController#index as JSON
  [1m[36mProposal Load (0.4ms)[0m  [1m[34mSELECT "proposals".* FROM "proposals"[0m
Completed 200 OK in 4ms (Views: 3.5ms | ActiveRecord: 0.4ms)


Started GET "/proposals.json" for ::1 at 2018-04-07 17:44:39 -0600
Processing by ProposalsController#index as JSON
  [1m[36mProposal Load (0.2ms)[0m  [1m[34mSELECT "proposals".* FROM "proposals"[0m
Completed 200 OK in 4ms (Views: 3.4ms | ActiveRecord: 0.2ms)


Started GET "/proposals.json" for ::1 at 2018-04-07 17:44:44 -0600
Processing by ProposalsController#index as JSON
  [1m[36mProposal Load (0.6ms)[0m  [1m[34mSELECT "proposals".* FROM "proposals"[0m
Completed 200 OK in 8ms (Views: 6.8ms | ActiveRecord: 0.6ms)


Started GET "/proposals.json" for ::1 at 2018-04-07 17:44:44 -0600
Processing by ProposalsController#index as JSON
  [1m[36mProposal Load (0.3ms)[0m  [1m[34mSELECT "proposals".* FROM "proposals"[0m
Completed 200 OK in 5ms (Views: 4.0ms | ActiveRecord: 0.3ms)


Started GET "/proposals.json" for ::1 at 2018-04-07 17:44:49 -0600
Processing by ProposalsController#index as JSON
  [1m[36mProposal Load (0.2ms)[0m  [1m[34mSELECT "proposals".* FROM "proposals"[0m
Completed 200 OK in 5ms (Views: 4.2ms | ActiveRecord: 0.2ms)


Started GET "/proposals.json" for ::1 at 2018-04-07 17:44:49 -0600
Processing by ProposalsController#index as JSON
  [1m[36mProposal Load (0.4ms)[0m  [1m[34mSELECT "proposals".* FROM "proposals"[0m
Completed 200 OK in 5ms (Views: 4.0ms | ActiveRecord: 0.4ms)


Started GET "/proposals.json" for ::1 at 2018-04-07 17:44:54 -0600
Processing by ProposalsController#index as JSON
  [1m[36mProposal Load (0.3ms)[0m  [1m[34mSELECT "proposals".* FROM "proposals"[0m
Completed 200 OK in 4ms (Views: 3.4ms | ActiveRecord: 0.3ms)


Started GET "/proposals.json" for ::1 at 2018-04-07 17:44:54 -0600
Processing by ProposalsController#index as JSON
  [1m[36mProposal Load (0.5ms)[0m  [1m[34mSELECT "proposals".* FROM "proposals"[0m
Completed 200 OK in 7ms (Views: 6.2ms | ActiveRecord: 0.5ms)


Started GET "/proposals.json" for ::1 at 2018-04-07 17:44:59 -0600
Processing by ProposalsController#index as JSON
  [1m[36mProposal Load (0.4ms)[0m  [1m[34mSELECT "proposals".* FROM "proposals"[0m
Completed 200 OK in 5ms (Views: 4.3ms | ActiveRecord: 0.4ms)


Started GET "/proposals.json" for ::1 at 2018-04-07 17:44:59 -0600
Processing by ProposalsController#index as JSON
  [1m[36mProposal Load (0.5ms)[0m  [1m[34mSELECT "proposals".* FROM "proposals"[0m
Completed 200 OK in 6ms (Views: 4.8ms | ActiveRecord: 0.5ms)


Started GET "/proposals.json" for ::1 at 2018-04-07 17:45:04 -0600
Processing by ProposalsController#index as JSON
  [1m[36mProposal Load (0.7ms)[0m  [1m[34mSELECT "proposals".* FROM "proposals"[0m
Completed 200 OK in 6ms (Views: 4.9ms | ActiveRecord: 0.7ms)


Started GET "/proposals.json" for ::1 at 2018-04-07 17:45:04 -0600
Processing by ProposalsController#index as JSON
  [1m[36mProposal Load (0.4ms)[0m  [1m[34mSELECT "proposals".* FROM "proposals"[0m
Completed 200 OK in 4ms (Views: 3.1ms | ActiveRecord: 0.4ms)


Started GET "/proposals.json" for ::1 at 2018-04-07 17:45:09 -0600
Processing by ProposalsController#index as JSON
  [1m[36mProposal Load (0.3ms)[0m  [1m[34mSELECT "proposals".* FROM "proposals"[0m
Completed 200 OK in 3ms (Views: 2.4ms | ActiveRecord: 0.3ms)


Started GET "/proposals.json" for ::1 at 2018-04-07 17:45:09 -0600
Processing by ProposalsController#index as JSON
  [1m[36mProposal Load (0.5ms)[0m  [1m[34mSELECT "proposals".* FROM "proposals"[0m
Completed 200 OK in 5ms (Views: 4.4ms | ActiveRecord: 0.5ms)


Started GET "/proposals.json" for ::1 at 2018-04-07 17:45:14 -0600
Processing by ProposalsController#index as JSON
  [1m[36mProposal Load (0.3ms)[0m  [1m[34mSELECT "proposals".* FROM "proposals"[0m
Completed 200 OK in 5ms (Views: 4.7ms | ActiveRecord: 0.3ms)


Started GET "/proposals.json" for ::1 at 2018-04-07 17:45:14 -0600
Processing by ProposalsController#index as JSON
  [1m[36mProposal Load (0.2ms)[0m  [1m[34mSELECT "proposals".* FROM "proposals"[0m
Completed 200 OK in 3ms (Views: 2.5ms | ActiveRecord: 0.2ms)


Started GET "/proposals.json" for ::1 at 2018-04-07 17:45:19 -0600
Processing by ProposalsController#index as JSON
  [1m[36mProposal Load (0.5ms)[0m  [1m[34mSELECT "proposals".* FROM "proposals"[0m
Completed 200 OK in 5ms (Views: 4.8ms | ActiveRecord: 0.5ms)


Started GET "/proposals.json" for ::1 at 2018-04-07 17:45:19 -0600
Processing by ProposalsController#index as JSON
  [1m[36mProposal Load (0.4ms)[0m  [1m[34mSELECT "proposals".* FROM "proposals"[0m
Completed 200 OK in 5ms (Views: 4.2ms | ActiveRecord: 0.4ms)


Started GET "/proposals.json" for ::1 at 2018-04-07 17:45:24 -0600
Processing by ProposalsController#index as JSON
  [1m[36mProposal Load (0.3ms)[0m  [1m[34mSELECT "proposals".* FROM "proposals"[0m
Completed 200 OK in 5ms (Views: 4.6ms | ActiveRecord: 0.3ms)


Started GET "/proposals.json" for ::1 at 2018-04-07 17:45:24 -0600
Processing by ProposalsController#index as JSON
  [1m[36mProposal Load (0.4ms)[0m  [1m[34mSELECT "proposals".* FROM "proposals"[0m
Completed 200 OK in 6ms (Views: 5.6ms | ActiveRecord: 0.4ms)


Started GET "/proposals.json" for ::1 at 2018-04-07 17:45:29 -0600
Processing by ProposalsController#index as JSON
  [1m[36mProposal Load (0.5ms)[0m  [1m[34mSELECT "proposals".* FROM "proposals"[0m
Completed 200 OK in 6ms (Views: 5.7ms | ActiveRecord: 0.5ms)


Started GET "/proposals.json" for ::1 at 2018-04-07 17:45:29 -0600
Processing by ProposalsController#index as JSON
  [1m[36mProposal Load (0.4ms)[0m  [1m[34mSELECT "proposals".* FROM "proposals"[0m
Completed 200 OK in 5ms (Views: 4.6ms | ActiveRecord: 0.4ms)


Started GET "/proposals.json" for ::1 at 2018-04-07 17:45:34 -0600
Processing by ProposalsController#index as JSON
  [1m[36mProposal Load (0.5ms)[0m  [1m[34mSELECT "proposals".* FROM "proposals"[0m
Completed 200 OK in 5ms (Views: 4.7ms | ActiveRecord: 0.5ms)


Started GET "/proposals.json" for ::1 at 2018-04-07 17:45:34 -0600
Processing by ProposalsController#index as JSON
  [1m[36mProposal Load (0.5ms)[0m  [1m[34mSELECT "proposals".* FROM "proposals"[0m
Completed 200 OK in 6ms (Views: 5.6ms | ActiveRecord: 0.5ms)


Started GET "/proposals.json" for ::1 at 2018-04-07 17:45:39 -0600
Processing by ProposalsController#index as JSON
  [1m[36mProposal Load (0.5ms)[0m  [1m[34mSELECT "proposals".* FROM "proposals"[0m
Completed 200 OK in 6ms (Views: 5.3ms | ActiveRecord: 0.5ms)


Started GET "/proposals.json" for ::1 at 2018-04-07 17:45:39 -0600
Processing by ProposalsController#index as JSON
  [1m[36mProposal Load (0.4ms)[0m  [1m[34mSELECT "proposals".* FROM "proposals"[0m
Completed 200 OK in 5ms (Views: 4.2ms | ActiveRecord: 0.4ms)


Started GET "/proposals.json" for ::1 at 2018-04-07 17:45:44 -0600
Processing by ProposalsController#index as JSON
  [1m[36mProposal Load (0.4ms)[0m  [1m[34mSELECT "proposals".* FROM "proposals"[0m
Completed 200 OK in 5ms (Views: 4.1ms | ActiveRecord: 0.4ms)


Started GET "/proposals.json" for ::1 at 2018-04-07 17:45:44 -0600
Processing by ProposalsController#index as JSON
  [1m[36mProposal Load (0.5ms)[0m  [1m[34mSELECT "proposals".* FROM "proposals"[0m
Completed 200 OK in 4ms (Views: 3.7ms | ActiveRecord: 0.5ms)


Started GET "/proposals.json" for ::1 at 2018-04-07 17:45:49 -0600
Processing by ProposalsController#index as JSON
  [1m[36mProposal Load (0.2ms)[0m  [1m[34mSELECT "proposals".* FROM "proposals"[0m
Completed 200 OK in 4ms (Views: 3.2ms | ActiveRecord: 0.2ms)


Started GET "/proposals.json" for ::1 at 2018-04-07 17:45:49 -0600
Processing by ProposalsController#index as JSON
  [1m[36mProposal Load (0.3ms)[0m  [1m[34mSELECT "proposals".* FROM "proposals"[0m
Completed 200 OK in 6ms (Views: 5.8ms | ActiveRecord: 0.3ms)


Started GET "/proposals.json" for ::1 at 2018-04-07 17:45:54 -0600
Processing by ProposalsController#index as JSON
  [1m[36mProposal Load (0.4ms)[0m  [1m[34mSELECT "proposals".* FROM "proposals"[0m
Completed 200 OK in 8ms (Views: 7.2ms | ActiveRecord: 0.4ms)


Started GET "/proposals.json" for ::1 at 2018-04-07 17:45:54 -0600
Processing by ProposalsController#index as JSON
  [1m[36mProposal Load (0.8ms)[0m  [1m[34mSELECT "proposals".* FROM "proposals"[0m
Completed 200 OK in 9ms (Views: 7.8ms | ActiveRecord: 0.8ms)


Started GET "/proposals.json" for ::1 at 2018-04-07 17:45:59 -0600
Processing by ProposalsController#index as JSON
  [1m[36mProposal Load (0.4ms)[0m  [1m[34mSELECT "proposals".* FROM "proposals"[0m
Completed 200 OK in 8ms (Views: 7.2ms | ActiveRecord: 0.4ms)


Started GET "/proposals.json" for ::1 at 2018-04-07 17:45:59 -0600
Processing by ProposalsController#index as JSON
  [1m[36mProposal Load (0.2ms)[0m  [1m[34mSELECT "proposals".* FROM "proposals"[0m
Completed 200 OK in 5ms (Views: 4.2ms | ActiveRecord: 0.2ms)


Started GET "/proposals.json" for ::1 at 2018-04-07 17:46:04 -0600
Processing by ProposalsController#index as JSON
  [1m[36mProposal Load (0.3ms)[0m  [1m[34mSELECT "proposals".* FROM "proposals"[0m
Completed 200 OK in 5ms (Views: 4.1ms | ActiveRecord: 0.3ms)


Started GET "/proposals.json" for ::1 at 2018-04-07 17:46:04 -0600
Processing by ProposalsController#index as JSON
  [1m[36mProposal Load (0.3ms)[0m  [1m[34mSELECT "proposals".* FROM "proposals"[0m
Completed 200 OK in 6ms (Views: 5.6ms | ActiveRecord: 0.3ms)


Started GET "/proposals.json" for ::1 at 2018-04-07 17:46:09 -0600
Processing by ProposalsController#index as JSON
  [1m[36mProposal Load (0.3ms)[0m  [1m[34mSELECT "proposals".* FROM "proposals"[0m
Completed 200 OK in 7ms (Views: 6.0ms | ActiveRecord: 0.3ms)


Started GET "/proposals.json" for ::1 at 2018-04-07 17:46:09 -0600
Processing by ProposalsController#index as JSON
  [1m[36mProposal Load (0.3ms)[0m  [1m[34mSELECT "proposals".* FROM "proposals"[0m
Completed 200 OK in 8ms (Views: 8.0ms | ActiveRecord: 0.3ms)


Started GET "/proposals.json" for ::1 at 2018-04-07 17:46:14 -0600
Processing by ProposalsController#index as JSON
  [1m[36mProposal Load (0.3ms)[0m  [1m[34mSELECT "proposals".* FROM "proposals"[0m
Completed 200 OK in 5ms (Views: 4.2ms | ActiveRecord: 0.3ms)


Started GET "/proposals.json" for ::1 at 2018-04-07 17:46:14 -0600
Processing by ProposalsController#index as JSON
  [1m[36mProposal Load (0.2ms)[0m  [1m[34mSELECT "proposals".* FROM "proposals"[0m
Completed 200 OK in 3ms (Views: 2.4ms | ActiveRecord: 0.2ms)


Started GET "/proposals.json" for ::1 at 2018-04-07 17:46:19 -0600
Processing by ProposalsController#index as JSON
  [1m[36mProposal Load (0.2ms)[0m  [1m[34mSELECT "proposals".* FROM "proposals"[0m
Completed 200 OK in 3ms (Views: 2.7ms | ActiveRecord: 0.2ms)


Started GET "/proposals.json" for ::1 at 2018-04-07 17:46:19 -0600
Processing by ProposalsController#index as JSON
  [1m[36mProposal Load (0.3ms)[0m  [1m[34mSELECT "proposals".* FROM "proposals"[0m
Completed 200 OK in 4ms (Views: 3.9ms | ActiveRecord: 0.3ms)


Started GET "/proposals.json" for ::1 at 2018-04-07 17:46:24 -0600
Processing by ProposalsController#index as JSON
  [1m[36mProposal Load (0.4ms)[0m  [1m[34mSELECT "proposals".* FROM "proposals"[0m
Completed 200 OK in 4ms (Views: 3.7ms | ActiveRecord: 0.4ms)


Started GET "/proposals.json" for ::1 at 2018-04-07 17:46:24 -0600
Processing by ProposalsController#index as JSON
  [1m[36mProposal Load (0.3ms)[0m  [1m[34mSELECT "proposals".* FROM "proposals"[0m
Completed 200 OK in 4ms (Views: 3.4ms | ActiveRecord: 0.3ms)


Started GET "/proposals.json" for ::1 at 2018-04-07 17:46:29 -0600
Processing by ProposalsController#index as JSON
  [1m[36mProposal Load (0.5ms)[0m  [1m[34mSELECT "proposals".* FROM "proposals"[0m
Completed 200 OK in 7ms (Views: 6.3ms | ActiveRecord: 0.5ms)


Started GET "/proposals.json" for ::1 at 2018-04-07 17:46:29 -0600
Processing by ProposalsController#index as JSON
  [1m[36mProposal Load (0.4ms)[0m  [1m[34mSELECT "proposals".* FROM "proposals"[0m
Completed 200 OK in 5ms (Views: 4.3ms | ActiveRecord: 0.4ms)


Started GET "/proposals.json" for ::1 at 2018-04-07 17:46:34 -0600
Processing by ProposalsController#index as JSON
  [1m[36mProposal Load (0.5ms)[0m  [1m[34mSELECT "proposals".* FROM "proposals"[0m
Completed 200 OK in 6ms (Views: 5.2ms | ActiveRecord: 0.5ms)


Started GET "/proposals.json" for ::1 at 2018-04-07 17:46:34 -0600
Processing by ProposalsController#index as JSON
  [1m[36mProposal Load (0.2ms)[0m  [1m[34mSELECT "proposals".* FROM "proposals"[0m
Completed 200 OK in 3ms (Views: 3.1ms | ActiveRecord: 0.2ms)


Started GET "/proposals.json" for ::1 at 2018-04-07 17:46:39 -0600
Processing by ProposalsController#index as JSON
  [1m[36mProposal Load (0.4ms)[0m  [1m[34mSELECT "proposals".* FROM "proposals"[0m
Completed 200 OK in 7ms (Views: 6.7ms | ActiveRecord: 0.4ms)


Started GET "/proposals.json" for ::1 at 2018-04-07 17:46:39 -0600
Processing by ProposalsController#index as JSON
  [1m[36mProposal Load (0.2ms)[0m  [1m[34mSELECT "proposals".* FROM "proposals"[0m
Completed 200 OK in 3ms (Views: 2.3ms | ActiveRecord: 0.2ms)


Started GET "/proposals.json" for ::1 at 2018-04-07 17:46:44 -0600
Processing by ProposalsController#index as JSON
  [1m[36mProposal Load (0.5ms)[0m  [1m[34mSELECT "proposals".* FROM "proposals"[0m
Completed 200 OK in 4ms (Views: 3.6ms | ActiveRecord: 0.5ms)


Started GET "/proposals.json" for ::1 at 2018-04-07 17:46:44 -0600
Processing by ProposalsController#index as JSON
  [1m[36mProposal Load (0.3ms)[0m  [1m[34mSELECT "proposals".* FROM "proposals"[0m
Completed 200 OK in 4ms (Views: 3.1ms | ActiveRecord: 0.3ms)


Started GET "/proposals.json" for ::1 at 2018-04-07 17:46:49 -0600
Processing by ProposalsController#index as JSON
  [1m[36mProposal Load (0.4ms)[0m  [1m[34mSELECT "proposals".* FROM "proposals"[0m
Completed 200 OK in 6ms (Views: 5.1ms | ActiveRecord: 0.4ms)


Started GET "/proposals.json" for ::1 at 2018-04-07 17:46:49 -0600
Processing by ProposalsController#index as JSON
  [1m[36mProposal Load (0.3ms)[0m  [1m[34mSELECT "proposals".* FROM "proposals"[0m
Completed 200 OK in 4ms (Views: 3.4ms | ActiveRecord: 0.3ms)


Started GET "/proposals.json" for ::1 at 2018-04-07 17:46:54 -0600
Processing by ProposalsController#index as JSON
  [1m[36mProposal Load (0.4ms)[0m  [1m[34mSELECT "proposals".* FROM "proposals"[0m
Completed 200 OK in 5ms (Views: 4.4ms | ActiveRecord: 0.4ms)


Started GET "/proposals.json" for ::1 at 2018-04-07 17:46:54 -0600
Processing by ProposalsController#index as JSON
  [1m[36mProposal Load (0.2ms)[0m  [1m[34mSELECT "proposals".* FROM "proposals"[0m
Completed 200 OK in 5ms (Views: 4.3ms | ActiveRecord: 0.2ms)


Started GET "/proposals.json" for ::1 at 2018-04-07 17:46:59 -0600
Processing by ProposalsController#index as JSON
  [1m[36mProposal Load (0.4ms)[0m  [1m[34mSELECT "proposals".* FROM "proposals"[0m
Completed 200 OK in 6ms (Views: 4.8ms | ActiveRecord: 0.4ms)


Started GET "/proposals.json" for ::1 at 2018-04-07 17:46:59 -0600
Processing by ProposalsController#index as JSON
  [1m[36mProposal Load (0.3ms)[0m  [1m[34mSELECT "proposals".* FROM "proposals"[0m
Completed 200 OK in 4ms (Views: 3.6ms | ActiveRecord: 0.3ms)


Started GET "/proposals.json" for ::1 at 2018-04-07 17:47:04 -0600
Processing by ProposalsController#index as JSON
  [1m[36mProposal Load (0.6ms)[0m  [1m[34mSELECT "proposals".* FROM "proposals"[0m
Completed 200 OK in 4ms (Views: 3.6ms | ActiveRecord: 0.6ms)


Started GET "/proposals.json" for ::1 at 2018-04-07 17:47:04 -0600
Processing by ProposalsController#index as JSON
  [1m[36mProposal Load (0.2ms)[0m  [1m[34mSELECT "proposals".* FROM "proposals"[0m
Completed 200 OK in 3ms (Views: 2.4ms | ActiveRecord: 0.2ms)


Started GET "/proposals.json" for ::1 at 2018-04-07 17:47:09 -0600
Processing by ProposalsController#index as JSON
  [1m[36mProposal Load (0.3ms)[0m  [1m[34mSELECT "proposals".* FROM "proposals"[0m
Completed 200 OK in 3ms (Views: 2.8ms | ActiveRecord: 0.3ms)


Started GET "/proposals.json" for ::1 at 2018-04-07 17:47:09 -0600
Processing by ProposalsController#index as JSON
  [1m[36mProposal Load (0.5ms)[0m  [1m[34mSELECT "proposals".* FROM "proposals"[0m
Completed 200 OK in 5ms (Views: 4.6ms | ActiveRecord: 0.5ms)


Started GET "/proposals.json" for ::1 at 2018-04-07 17:47:14 -0600
Processing by ProposalsController#index as JSON
  [1m[36mProposal Load (0.2ms)[0m  [1m[34mSELECT "proposals".* FROM "proposals"[0m
Completed 200 OK in 3ms (Views: 2.4ms | ActiveRecord: 0.2ms)


Started GET "/proposals.json" for ::1 at 2018-04-07 17:47:14 -0600
Processing by ProposalsController#index as JSON
  [1m[36mProposal Load (0.2ms)[0m  [1m[34mSELECT "proposals".* FROM "proposals"[0m
Completed 200 OK in 4ms (Views: 3.2ms | ActiveRecord: 0.2ms)


Started GET "/proposals.json" for ::1 at 2018-04-07 17:47:19 -0600
Processing by ProposalsController#index as JSON
  [1m[36mProposal Load (0.3ms)[0m  [1m[34mSELECT "proposals".* FROM "proposals"[0m
Completed 200 OK in 4ms (Views: 3.8ms | ActiveRecord: 0.3ms)


Started GET "/proposals.json" for ::1 at 2018-04-07 17:47:19 -0600
Processing by ProposalsController#index as JSON
  [1m[36mProposal Load (0.4ms)[0m  [1m[34mSELECT "proposals".* FROM "proposals"[0m
Completed 200 OK in 4ms (Views: 3.9ms | ActiveRecord: 0.4ms)


Started GET "/proposals.json" for ::1 at 2018-04-07 17:47:24 -0600
Processing by ProposalsController#index as JSON
  [1m[36mProposal Load (0.5ms)[0m  [1m[34mSELECT "proposals".* FROM "proposals"[0m
Completed 200 OK in 6ms (Views: 5.1ms | ActiveRecord: 0.5ms)


Started GET "/proposals.json" for ::1 at 2018-04-07 17:47:24 -0600
Processing by ProposalsController#index as JSON
  [1m[36mProposal Load (0.2ms)[0m  [1m[34mSELECT "proposals".* FROM "proposals"[0m
Completed 200 OK in 3ms (Views: 2.7ms | ActiveRecord: 0.2ms)


Started GET "/proposals.json" for ::1 at 2018-04-07 17:47:29 -0600
Processing by ProposalsController#index as JSON
  [1m[36mProposal Load (0.5ms)[0m  [1m[34mSELECT "proposals".* FROM "proposals"[0m
Completed 200 OK in 7ms (Views: 6.2ms | ActiveRecord: 0.5ms)


Started GET "/proposals.json" for ::1 at 2018-04-07 17:47:29 -0600
Processing by ProposalsController#index as JSON
  [1m[36mProposal Load (0.2ms)[0m  [1m[34mSELECT "proposals".* FROM "proposals"[0m
Completed 200 OK in 3ms (Views: 2.5ms | ActiveRecord: 0.2ms)


